::1 - - [26/Jul/2018:11:02:11 +0000] "GET /api/v1/scrape/startBetikaEFLCup HTTP/1.1" 200 43989 "-" "PostmanRuntime/7.1.5"
::1 - - [26/Jul/2018:11:02:48 +0000] "GET /api/v1/scrape/startSportpesaEFLCup HTTP/1.1" 200 43989 "-" "PostmanRuntime/7.1.5"
::1 - - [26/Jul/2018:11:03:13 +0000] "GET /robots.txt HTTP/1.1" 404 149 "-" "Mozilla/5.0 (X11; Linux x86_64) AppleWebKit/537.36 (KHTML, like Gecko) Chrome/67.0.3396.79 Safari/537.36"
::1 - - [26/Jul/2018:11:03:13 +0000] "GET /api/v1/matches/premier-league HTTP/1.1" 200 15106 "-" "Mozilla/5.0 (X11; Linux x86_64) AppleWebKit/537.36 (KHTML, like Gecko) Chrome/67.0.3396.79 Safari/537.36"
::1 - - [26/Jul/2018:11:03:18 +0000] "GET /favicon.ico HTTP/1.1" 404 150 "http://localhost:3333/api/v1/matches/premier-league" "Mozilla/5.0 (X11; Linux x86_64) AppleWebKit/537.36 (KHTML, like Gecko) Chrome/67.0.3396.79 Safari/537.36"
::1 - - [26/Jul/2018:11:03:52 +0000] "GET /api/v1/matches/premier-league HTTP/1.1" 304 - "-" "Mozilla/5.0 (X11; Linux x86_64) AppleWebKit/537.36 (KHTML, like Gecko) Chrome/67.0.3396.79 Safari/537.36"
::1 - - [01/Aug/2018:09:27:17 +0000] "OPTIONS /signin HTTP/1.1" 404 149 "-" "Mozilla/5.0 (X11; Linux x86_64) AppleWebKit/537.36 (KHTML, like Gecko) Chrome/67.0.3396.79 Safari/537.36"
::1 - - [01/Aug/2018:09:27:48 +0000] "OPTIONS /signin HTTP/1.1" 404 149 "-" "Mozilla/5.0 (iPhone; CPU iPhone OS 11_0 like Mac OS X) AppleWebKit/604.1.38 (KHTML, like Gecko) Version/11.0 Mobile/15A372 Safari/604.1"
::1 - - [01/Aug/2018:09:28:54 +0000] "OPTIONS /signin HTTP/1.1" 404 149 "-" "Mozilla/5.0 (iPhone; CPU iPhone OS 11_0 like Mac OS X) AppleWebKit/604.1.38 (KHTML, like Gecko) Version/11.0 Mobile/15A372 Safari/604.1"
::1 - - [01/Aug/2018:09:33:29 +0000] "OPTIONS /api/v1/auth/signin HTTP/1.1" 200 4 "-" "Mozilla/5.0 (iPhone; CPU iPhone OS 11_0 like Mac OS X) AppleWebKit/604.1.38 (KHTML, like Gecko) Version/11.0 Mobile/15A372 Safari/604.1"
::1 - - [01/Aug/2018:09:33:30 +0000] "POST /api/v1/auth/signin HTTP/1.1" 400 76 "http://localhost:8080/" "Mozilla/5.0 (iPhone; CPU iPhone OS 11_0 like Mac OS X) AppleWebKit/604.1.38 (KHTML, like Gecko) Version/11.0 Mobile/15A372 Safari/604.1"
::1 - - [01/Aug/2018:09:33:54 +0000] "OPTIONS /api/v1/auth/signin HTTP/1.1" 200 4 "-" "Mozilla/5.0 (iPhone; CPU iPhone OS 11_0 like Mac OS X) AppleWebKit/604.1.38 (KHTML, like Gecko) Version/11.0 Mobile/15A372 Safari/604.1"
::1 - - [01/Aug/2018:09:33:56 +0000] "POST /api/v1/auth/signin HTTP/1.1" 400 76 "http://localhost:8080/" "Mozilla/5.0 (iPhone; CPU iPhone OS 11_0 like Mac OS X) AppleWebKit/604.1.38 (KHTML, like Gecko) Version/11.0 Mobile/15A372 Safari/604.1"
::1 - - [01/Aug/2018:09:34:31 +0000] "POST /api/v1/auth/signin HTTP/1.1" 200 554 "-" "PostmanRuntime/7.1.5"
::1 - - [01/Aug/2018:09:36:21 +0000] "OPTIONS /api/v1/auth/signin HTTP/1.1" 200 4 "-" "Mozilla/5.0 (iPhone; CPU iPhone OS 11_0 like Mac OS X) AppleWebKit/604.1.38 (KHTML, like Gecko) Version/11.0 Mobile/15A372 Safari/604.1"
::1 - - [01/Aug/2018:09:36:21 +0000] "POST /api/v1/auth/signin HTTP/1.1" 400 76 "http://localhost:8080/" "Mozilla/5.0 (iPhone; CPU iPhone OS 11_0 like Mac OS X) AppleWebKit/604.1.38 (KHTML, like Gecko) Version/11.0 Mobile/15A372 Safari/604.1"
::1 - - [01/Aug/2018:09:38:01 +0000] "OPTIONS /api/v1/auth/signin HTTP/1.1" 200 4 "-" "Mozilla/5.0 (iPhone; CPU iPhone OS 11_0 like Mac OS X) AppleWebKit/604.1.38 (KHTML, like Gecko) Version/11.0 Mobile/15A372 Safari/604.1"
::1 - - [01/Aug/2018:09:38:03 +0000] "POST /api/v1/auth/signin HTTP/1.1" 400 76 "http://localhost:8080/" "Mozilla/5.0 (iPhone; CPU iPhone OS 11_0 like Mac OS X) AppleWebKit/604.1.38 (KHTML, like Gecko) Version/11.0 Mobile/15A372 Safari/604.1"
::1 - - [01/Aug/2018:09:39:33 +0000] "OPTIONS /api/v1/auth/signin HTTP/1.1" 200 4 "-" "Mozilla/5.0 (iPhone; CPU iPhone OS 11_0 like Mac OS X) AppleWebKit/604.1.38 (KHTML, like Gecko) Version/11.0 Mobile/15A372 Safari/604.1"
::1 - - [01/Aug/2018:09:39:33 +0000] "POST /api/v1/auth/signin HTTP/1.1" 500 76 "http://localhost:8080/" "Mozilla/5.0 (iPhone; CPU iPhone OS 11_0 like Mac OS X) AppleWebKit/604.1.38 (KHTML, like Gecko) Version/11.0 Mobile/15A372 Safari/604.1"
::1 - - [01/Aug/2018:09:40:27 +0000] "OPTIONS /api/v1/auth/signin HTTP/1.1" 200 4 "-" "Mozilla/5.0 (iPhone; CPU iPhone OS 11_0 like Mac OS X) AppleWebKit/604.1.38 (KHTML, like Gecko) Version/11.0 Mobile/15A372 Safari/604.1"
::1 - - [01/Aug/2018:09:40:29 +0000] "POST /api/v1/auth/signin HTTP/1.1" 500 76 "http://localhost:8080/" "Mozilla/5.0 (iPhone; CPU iPhone OS 11_0 like Mac OS X) AppleWebKit/604.1.38 (KHTML, like Gecko) Version/11.0 Mobile/15A372 Safari/604.1"
::1 - - [01/Aug/2018:09:44:19 +0000] "OPTIONS /api/v1/auth/signin HTTP/1.1" 200 4 "-" "Mozilla/5.0 (iPhone; CPU iPhone OS 11_0 like Mac OS X) AppleWebKit/604.1.38 (KHTML, like Gecko) Version/11.0 Mobile/15A372 Safari/604.1"
::1 - - [01/Aug/2018:09:44:19 +0000] "POST /api/v1/auth/signin HTTP/1.1" 200 554 "http://localhost:8080/" "Mozilla/5.0 (iPhone; CPU iPhone OS 11_0 like Mac OS X) AppleWebKit/604.1.38 (KHTML, like Gecko) Version/11.0 Mobile/15A372 Safari/604.1"
::1 - - [01/Aug/2018:10:33:14 +0000] "OPTIONS /api/v1/auth/signin HTTP/1.1" 200 4 "-" "Mozilla/5.0 (iPhone; CPU iPhone OS 11_0 like Mac OS X) AppleWebKit/604.1.38 (KHTML, like Gecko) Version/11.0 Mobile/15A372 Safari/604.1"
::1 - - [01/Aug/2018:10:33:14 +0000] "POST /api/v1/auth/signin HTTP/1.1" 200 554 "http://localhost:8080/" "Mozilla/5.0 (iPhone; CPU iPhone OS 11_0 like Mac OS X) AppleWebKit/604.1.38 (KHTML, like Gecko) Version/11.0 Mobile/15A372 Safari/604.1"
::1 - - [01/Aug/2018:10:35:39 +0000] "OPTIONS /api/v1/auth/signin HTTP/1.1" 200 4 "-" "Mozilla/5.0 (iPhone; CPU iPhone OS 11_0 like Mac OS X) AppleWebKit/604.1.38 (KHTML, like Gecko) Version/11.0 Mobile/15A372 Safari/604.1"
::1 - - [01/Aug/2018:10:35:39 +0000] "POST /api/v1/auth/signin HTTP/1.1" 200 554 "http://localhost:8080/" "Mozilla/5.0 (iPhone; CPU iPhone OS 11_0 like Mac OS X) AppleWebKit/604.1.38 (KHTML, like Gecko) Version/11.0 Mobile/15A372 Safari/604.1"
::1 - - [01/Aug/2018:14:15:49 +0000] "OPTIONS /api/v1/auth/signup HTTP/1.1" 200 4 "-" "Mozilla/5.0 (iPhone; CPU iPhone OS 11_0 like Mac OS X) AppleWebKit/604.1.38 (KHTML, like Gecko) Version/11.0 Mobile/15A372 Safari/604.1"
::1 - - [01/Aug/2018:14:15:50 +0000] "POST /api/v1/auth/signup HTTP/1.1" 200 554 "http://localhost:8080/" "Mozilla/5.0 (iPhone; CPU iPhone OS 11_0 like Mac OS X) AppleWebKit/604.1.38 (KHTML, like Gecko) Version/11.0 Mobile/15A372 Safari/604.1"
::1 - - [01/Aug/2018:14:30:21 +0000] "OPTIONS /api/v1/auth/signin HTTP/1.1" 200 4 "-" "Mozilla/5.0 (X11; Linux x86_64) AppleWebKit/537.36 (KHTML, like Gecko) Chrome/67.0.3396.79 Safari/537.36"
::1 - - [01/Aug/2018:14:30:21 +0000] "POST /api/v1/auth/signin HTTP/1.1" 200 554 "http://localhost:8080/" "Mozilla/5.0 (X11; Linux x86_64) AppleWebKit/537.36 (KHTML, like Gecko) Chrome/67.0.3396.79 Safari/537.36"
::1 - - [01/Aug/2018:15:39:57 +0000] "OPTIONS /api/v1/auth/signin HTTP/1.1" 200 4 "-" "Mozilla/5.0 (X11; Linux x86_64) AppleWebKit/537.36 (KHTML, like Gecko) Chrome/67.0.3396.79 Safari/537.36"
::1 - - [01/Aug/2018:15:39:57 +0000] "POST /api/v1/auth/signin HTTP/1.1" 500 76 "http://localhost:8080/" "Mozilla/5.0 (X11; Linux x86_64) AppleWebKit/537.36 (KHTML, like Gecko) Chrome/67.0.3396.79 Safari/537.36"
::1 - - [01/Aug/2018:15:40:51 +0000] "OPTIONS /api/v1/auth/signin HTTP/1.1" 200 4 "-" "Mozilla/5.0 (X11; Linux x86_64) AppleWebKit/537.36 (KHTML, like Gecko) Chrome/67.0.3396.79 Safari/537.36"
::1 - - [01/Aug/2018:15:40:51 +0000] "POST /api/v1/auth/signin HTTP/1.1" 500 76 "http://localhost:8080/" "Mozilla/5.0 (X11; Linux x86_64) AppleWebKit/537.36 (KHTML, like Gecko) Chrome/67.0.3396.79 Safari/537.36"
::1 - - [02/Aug/2018:06:58:17 +0000] "GET /api/v1/scrape/startSportpesaPremierLeague HTTP/1.1" 500 12 "-" "PostmanRuntime/7.1.5"
::1 - - [02/Aug/2018:06:58:26 +0000] "GET /api/v1/scrape/startSportpesaPremierLeague HTTP/1.1" 500 12 "-" "PostmanRuntime/7.1.5"
::1 - - [02/Aug/2018:08:39:38 +0000] "GET /api/v1/scrape/startSportpesaPremierLeague HTTP/1.1" 200 25124 "-" "PostmanRuntime/7.1.5"
::1 - - [05/Aug/2018:13:06:20 +0000] "OPTIONS /api/v1/auth/signup HTTP/1.1" 200 4 "-" "Mozilla/5.0 (X11; Linux x86_64) AppleWebKit/537.36 (KHTML, like Gecko) Chrome/67.0.3396.79 Safari/537.36"
::1 - - [05/Aug/2018:13:06:20 +0000] "POST /api/v1/auth/signup HTTP/1.1" 200 554 "http://localhost:8080/" "Mozilla/5.0 (X11; Linux x86_64) AppleWebKit/537.36 (KHTML, like Gecko) Chrome/67.0.3396.79 Safari/537.36"
::1 - - [05/Aug/2018:13:06:35 +0000] "OPTIONS /api/v1/auth/signin HTTP/1.1" 200 4 "-" "Mozilla/5.0 (X11; Linux x86_64) AppleWebKit/537.36 (KHTML, like Gecko) Chrome/67.0.3396.79 Safari/537.36"
::1 - - [05/Aug/2018:13:06:35 +0000] "POST /api/v1/auth/signin HTTP/1.1" 200 556 "http://localhost:8080/" "Mozilla/5.0 (X11; Linux x86_64) AppleWebKit/537.36 (KHTML, like Gecko) Chrome/67.0.3396.79 Safari/537.36"
::1 - - [07/Aug/2018:08:35:12 +0000] "OPTIONS /api/v1/auth/signup HTTP/1.1" 200 4 "-" "Mozilla/5.0 (X11; Linux x86_64) AppleWebKit/537.36 (KHTML, like Gecko) Chrome/67.0.3396.79 Safari/537.36"
::1 - - [07/Aug/2018:08:35:12 +0000] "POST /api/v1/auth/signup HTTP/1.1" 200 552 "http://localhost:8080/" "Mozilla/5.0 (X11; Linux x86_64) AppleWebKit/537.36 (KHTML, like Gecko) Chrome/67.0.3396.79 Safari/537.36"
::1 - - [07/Aug/2018:08:35:24 +0000] "OPTIONS /api/v1/auth/signin HTTP/1.1" 200 4 "-" "Mozilla/5.0 (X11; Linux x86_64) AppleWebKit/537.36 (KHTML, like Gecko) Chrome/67.0.3396.79 Safari/537.36"
::1 - - [07/Aug/2018:08:35:24 +0000] "POST /api/v1/auth/signin HTTP/1.1" 400 58 "http://localhost:8080/" "Mozilla/5.0 (X11; Linux x86_64) AppleWebKit/537.36 (KHTML, like Gecko) Chrome/67.0.3396.79 Safari/537.36"
::1 - - [07/Aug/2018:08:35:27 +0000] "POST /api/v1/auth/signin HTTP/1.1" 400 58 "http://localhost:8080/" "Mozilla/5.0 (X11; Linux x86_64) AppleWebKit/537.36 (KHTML, like Gecko) Chrome/67.0.3396.79 Safari/537.36"
::1 - - [07/Aug/2018:08:35:32 +0000] "OPTIONS /api/v1/auth/signin HTTP/1.1" 200 4 "-" "Mozilla/5.0 (X11; Linux x86_64) AppleWebKit/537.36 (KHTML, like Gecko) Chrome/67.0.3396.79 Safari/537.36"
::1 - - [07/Aug/2018:08:35:32 +0000] "POST /api/v1/auth/signin HTTP/1.1" 200 554 "http://localhost:8080/" "Mozilla/5.0 (X11; Linux x86_64) AppleWebKit/537.36 (KHTML, like Gecko) Chrome/67.0.3396.79 Safari/537.36"
::1 - - [07/Aug/2018:09:13:48 +0000] "OPTIONS /api/v1/auth/signin HTTP/1.1" 200 4 "-" "Mozilla/5.0 (X11; Linux x86_64) AppleWebKit/537.36 (KHTML, like Gecko) Chrome/67.0.3396.79 Safari/537.36"
::1 - - [07/Aug/2018:09:13:48 +0000] "POST /api/v1/auth/signin HTTP/1.1" 200 554 "http://localhost:1445/" "Mozilla/5.0 (X11; Linux x86_64) AppleWebKit/537.36 (KHTML, like Gecko) Chrome/67.0.3396.79 Safari/537.36"
::1 - - [07/Aug/2018:14:51:17 +0000] "OPTIONS /api/v1/auth/signin HTTP/1.1" 200 4 "-" "Mozilla/5.0 (X11; Linux x86_64) AppleWebKit/537.36 (KHTML, like Gecko) Chrome/67.0.3396.79 Safari/537.36"
::1 - - [07/Aug/2018:14:51:17 +0000] "POST /api/v1/auth/signin HTTP/1.1" 200 554 "http://localhost:8080/" "Mozilla/5.0 (X11; Linux x86_64) AppleWebKit/537.36 (KHTML, like Gecko) Chrome/67.0.3396.79 Safari/537.36"
::1 - - [07/Aug/2018:14:56:46 +0000] "OPTIONS /api/v1/auth/signin HTTP/1.1" 200 4 "-" "Mozilla/5.0 (X11; Linux x86_64) AppleWebKit/537.36 (KHTML, like Gecko) Chrome/67.0.3396.79 Safari/537.36"
::1 - - [07/Aug/2018:14:56:46 +0000] "POST /api/v1/auth/signin HTTP/1.1" 200 554 "http://localhost:8080/" "Mozilla/5.0 (X11; Linux x86_64) AppleWebKit/537.36 (KHTML, like Gecko) Chrome/67.0.3396.79 Safari/537.36"
::1 - - [07/Aug/2018:15:02:05 +0000] "OPTIONS /api/v1/auth/signin HTTP/1.1" 200 4 "-" "Mozilla/5.0 (iPhone; CPU iPhone OS 11_0 like Mac OS X) AppleWebKit/604.1.38 (KHTML, like Gecko) Version/11.0 Mobile/15A372 Safari/604.1"
::1 - - [07/Aug/2018:15:02:05 +0000] "POST /api/v1/auth/signin HTTP/1.1" 200 554 "http://localhost:8080/" "Mozilla/5.0 (iPhone; CPU iPhone OS 11_0 like Mac OS X) AppleWebKit/604.1.38 (KHTML, like Gecko) Version/11.0 Mobile/15A372 Safari/604.1"
::1 - - [08/Aug/2018:11:38:19 +0000] "OPTIONS /api/v1/auth/signin HTTP/1.1" 200 4 "-" "Mozilla/5.0 (X11; Linux x86_64) AppleWebKit/537.36 (KHTML, like Gecko) Chrome/67.0.3396.79 Safari/537.36"
::1 - - [08/Aug/2018:11:38:19 +0000] "POST /api/v1/auth/signin HTTP/1.1" 200 554 "http://localhost:8080/" "Mozilla/5.0 (X11; Linux x86_64) AppleWebKit/537.36 (KHTML, like Gecko) Chrome/67.0.3396.79 Safari/537.36"
::1 - - [09/Aug/2018:08:39:27 +0000] "OPTIONS /api/v1/auth/signin HTTP/1.1" 200 4 "-" "Mozilla/5.0 (X11; Linux x86_64) AppleWebKit/537.36 (KHTML, like Gecko) Chrome/67.0.3396.79 Safari/537.36"
::1 - - [09/Aug/2018:08:39:27 +0000] "POST /api/v1/auth/signin HTTP/1.1" 400 58 "http://localhost:8080/" "Mozilla/5.0 (X11; Linux x86_64) AppleWebKit/537.36 (KHTML, like Gecko) Chrome/67.0.3396.79 Safari/537.36"
::1 - - [09/Aug/2018:08:39:31 +0000] "POST /api/v1/auth/signin HTTP/1.1" 200 554 "http://localhost:8080/" "Mozilla/5.0 (X11; Linux x86_64) AppleWebKit/537.36 (KHTML, like Gecko) Chrome/67.0.3396.79 Safari/537.36"
::1 - - [14/Aug/2018:10:11:15 +0000] "GET /api/v1/scrape/startPremierbetPremierLeague HTTP/1.1" - - "-" "PostmanRuntime/7.1.5"
::1 - - [14/Aug/2018:10:13:16 +0000] "GET /api/v1/scrape/startPremierbetPremierLeague HTTP/1.1" - - "-" "PostmanRuntime/7.1.5"
::1 - - [14/Aug/2018:10:23:13 +0000] "GET /api/v1/scrape/startPremierbetPremierLeague HTTP/1.1" - - "-" "PostmanRuntime/7.1.5"
::1 - - [14/Aug/2018:10:25:26 +0000] "GET /api/v1/scrape/startPremierbetPremierLeague HTTP/1.1" - - "-" "PostmanRuntime/7.1.5"
::1 - - [14/Aug/2018:10:33:37 +0000] "GET /api/v1/scrape/startPremierbetPremierLeague HTTP/1.1" - - "-" "PostmanRuntime/7.1.5"
::1 - - [14/Aug/2018:11:05:11 +0000] "GET /api/v1/scrape/startPremierbetPremierLeague HTTP/1.1" - - "-" "PostmanRuntime/7.1.5"
::1 - - [14/Aug/2018:11:07:46 +0000] "GET /robots.txt HTTP/1.1" 404 149 "-" "Mozilla/5.0 (X11; Linux x86_64) AppleWebKit/537.36 (KHTML, like Gecko) Chrome/67.0.3396.79 Safari/537.36"
::1 - - [14/Aug/2018:11:08:13 +0000] "GET /api/v1/scrape/startPremierbetPremierLeague HTTP/1.1" - - "-" "Mozilla/5.0 (X11; Linux x86_64) AppleWebKit/537.36 (KHTML, like Gecko) Chrome/67.0.3396.79 Safari/537.36"
::1 - - [14/Aug/2018:11:15:03 +0000] "GET /api/v1/scrape/startPremierbetPremierLeague HTTP/1.1" - - "-" "PostmanRuntime/7.1.5"
::1 - - [14/Aug/2018:11:29:27 +0000] "GET /api/v1/scrape/startPremierbetPremierLeague HTTP/1.1" - - "-" "PostmanRuntime/7.1.5"
::1 - - [14/Aug/2018:11:38:16 +0000] "GET /api/v1/scrape/startPremierbetPremierLeague HTTP/1.1" 500 12 "-" "PostmanRuntime/7.1.5"
::1 - - [14/Aug/2018:11:40:17 +0000] "GET /api/v1/scrape/startPremierbetPremierLeague HTTP/1.1" 500 12 "-" "PostmanRuntime/7.1.5"
::1 - - [14/Aug/2018:11:40:57 +0000] "GET /api/v1/scrape/startPremierbetPremierLeague HTTP/1.1" 200 22 "-" "PostmanRuntime/7.1.5"
::1 - - [14/Aug/2018:11:41:17 +0000] "GET /api/v1/scrape/startPremierbetPremierLeague HTTP/1.1" 200 22 "-" "PostmanRuntime/7.1.5"
::1 - - [14/Aug/2018:11:42:13 +0000] "GET /api/v1/scrape/startPremierbetPremierLeague HTTP/1.1" 200 36 "-" "PostmanRuntime/7.1.5"
::1 - - [14/Aug/2018:11:42:53 +0000] "GET /api/v1/scrape/startPremierbetPremierLeague HTTP/1.1" 500 12 "-" "PostmanRuntime/7.1.5"
::1 - - [14/Aug/2018:11:46:18 +0000] "GET /api/v1/scrape/startPremierbetPremierLeague HTTP/1.1" 500 12 "-" "PostmanRuntime/7.1.5"
::1 - - [14/Aug/2018:11:50:23 +0000] "GET /api/v1/scrape/startPremierbetPremierLeague HTTP/1.1" 500 12 "-" "PostmanRuntime/7.1.5"
::1 - - [14/Aug/2018:11:51:16 +0000] "GET /api/v1/scrape/startPremierbetPremierLeague HTTP/1.1" 500 12 "-" "PostmanRuntime/7.1.5"
::1 - - [14/Aug/2018:11:52:49 +0000] "GET /api/v1/scrape/startPremierbetPremierLeague HTTP/1.1" 200 22 "-" "PostmanRuntime/7.1.5"
::1 - - [14/Aug/2018:11:54:18 +0000] "GET /api/v1/scrape/startPremierbetPremierLeague HTTP/1.1" 200 22 "-" "PostmanRuntime/7.1.5"
::1 - - [14/Aug/2018:11:54:43 +0000] "GET /api/v1/scrape/startPremierbetPremierLeague HTTP/1.1" 200 22 "-" "PostmanRuntime/7.1.5"
::1 - - [14/Aug/2018:11:55:38 +0000] "GET /api/v1/scrape/startPremierbetPremierLeague HTTP/1.1" 500 12 "-" "PostmanRuntime/7.1.5"
::1 - - [14/Aug/2018:11:56:55 +0000] "GET /api/v1/scrape/startPremierbetPremierLeague HTTP/1.1" 500 12 "-" "PostmanRuntime/7.1.5"
::1 - - [14/Aug/2018:12:03:26 +0000] "GET /api/v1/scrape/startPremierbetPremierLeague HTTP/1.1" 500 12 "-" "PostmanRuntime/7.1.5"
::1 - - [14/Aug/2018:12:05:01 +0000] "GET /api/v1/scrape/startPremierbetPremierLeague HTTP/1.1" 500 12 "-" "PostmanRuntime/7.1.5"
::1 - - [14/Aug/2018:12:19:34 +0000] "GET /api/v1/scrape/startPremierbetPremierLeague HTTP/1.1" 500 12 "-" "PostmanRuntime/7.1.5"
::1 - - [14/Aug/2018:12:20:04 +0000] "GET /api/v1/scrape/startPremierbetPremierLeague HTTP/1.1" 200 61 "-" "PostmanRuntime/7.1.5"
::1 - - [14/Aug/2018:12:21:14 +0000] "GET /api/v1/scrape/startPremierbetPremierLeague HTTP/1.1" 500 12 "-" "PostmanRuntime/7.1.5"
::1 - - [14/Aug/2018:12:22:13 +0000] "GET /api/v1/scrape/startPremierbetPremierLeague HTTP/1.1" 200 101 "-" "PostmanRuntime/7.1.5"
::1 - - [14/Aug/2018:12:26:03 +0000] "GET /api/v1/scrape/startPremierbetPremierLeague HTTP/1.1" 500 12 "-" "PostmanRuntime/7.1.5"
::1 - - [14/Aug/2018:12:28:27 +0000] "GET /api/v1/scrape/startPremierbetPremierLeague HTTP/1.1" 200 101 "-" "PostmanRuntime/7.1.5"
::1 - - [14/Aug/2018:12:29:42 +0000] "GET /api/v1/scrape/startPremierbetPremierLeague HTTP/1.1" 500 12 "-" "PostmanRuntime/7.1.5"
::1 - - [14/Aug/2018:12:30:15 +0000] "GET /api/v1/scrape/startPremierbetPremierLeague HTTP/1.1" 200 665 "-" "PostmanRuntime/7.1.5"
::1 - - [14/Aug/2018:12:33:20 +0000] "GET /api/v1/scrape/startPremierbetPremierLeague HTTP/1.1" 200 665 "-" "PostmanRuntime/7.1.5"
::1 - - [14/Aug/2018:12:37:24 +0000] "GET /api/v1/scrape/startPremierbetPremierLeague HTTP/1.1" 200 61 "-" "PostmanRuntime/7.1.5"
::1 - - [14/Aug/2018:12:38:10 +0000] "GET /api/v1/scrape/startPremierbetPremierLeague HTTP/1.1" 200 61 "-" "PostmanRuntime/7.1.5"
::1 - - [14/Aug/2018:12:39:02 +0000] "GET /api/v1/scrape/startPremierbetPremierLeague HTTP/1.1" 200 61 "-" "PostmanRuntime/7.1.5"
::1 - - [14/Aug/2018:12:40:56 +0000] "GET /api/v1/scrape/startPremierbetPremierLeague HTTP/1.1" 200 665 "-" "PostmanRuntime/7.1.5"
::1 - - [14/Aug/2018:12:42:46 +0000] "GET /api/v1/scrape/startPremierbetPremierLeague HTTP/1.1" 200 665 "-" "PostmanRuntime/7.1.5"
::1 - - [14/Aug/2018:12:45:13 +0000] "GET /api/v1/scrape/startPremierbetPremierLeague HTTP/1.1" 200 665 "-" "PostmanRuntime/7.1.5"
::1 - - [14/Aug/2018:12:46:14 +0000] "GET /api/v1/scrape/startPremierbetPremierLeague HTTP/1.1" 200 665 "-" "PostmanRuntime/7.1.5"
::1 - - [14/Aug/2018:12:49:38 +0000] "GET /api/v1/scrape/startPremierbetPremierLeague HTTP/1.1" 200 399 "-" "PostmanRuntime/7.1.5"
::1 - - [14/Aug/2018:12:51:40 +0000] "GET /api/v1/scrape/startPremierbetPremierLeague HTTP/1.1" 200 399 "-" "PostmanRuntime/7.1.5"
::1 - - [14/Aug/2018:12:52:30 +0000] "GET /api/v1/scrape/startPremierbetPremierLeague HTTP/1.1" 500 12 "-" "PostmanRuntime/7.1.5"
::1 - - [14/Aug/2018:13:05:49 +0000] "GET /api/v1/scrape/startPremierbetPremierLeague HTTP/1.1" 500 12 "-" "PostmanRuntime/7.1.5"
::1 - - [14/Aug/2018:13:06:11 +0000] "GET /api/v1/scrape/startPremierbetPremierLeague HTTP/1.1" 500 12 "-" "PostmanRuntime/7.1.5"
::1 - - [14/Aug/2018:13:08:54 +0000] "GET /api/v1/scrape/startPremierbetPremierLeague HTTP/1.1" 500 12 "-" "PostmanRuntime/7.1.5"
::1 - - [14/Aug/2018:13:14:28 +0000] "GET /api/v1/scrape/startPremierbetPremierLeague HTTP/1.1" 500 12 "-" "PostmanRuntime/7.1.5"
::1 - - [14/Aug/2018:13:15:06 +0000] "GET /api/v1/scrape/startPremierbetPremierLeague HTTP/1.1" 500 12 "-" "PostmanRuntime/7.1.5"
::1 - - [14/Aug/2018:13:16:52 +0000] "GET /api/v1/scrape/startPremierbetPremierLeague HTTP/1.1" 500 12 "-" "PostmanRuntime/7.1.5"
::1 - - [14/Aug/2018:13:20:53 +0000] "GET /api/v1/scrape/startPremierbetPremierLeague HTTP/1.1" 500 12 "-" "PostmanRuntime/7.1.5"
::1 - - [14/Aug/2018:13:23:20 +0000] "GET /api/v1/scrape/startPremierbetPremierLeague HTTP/1.1" 200 399 "-" "PostmanRuntime/7.1.5"
::1 - - [17/Aug/2018:08:33:12 +0000] "GET /api/v1/scrape/startBetinEFLCup HTTP/1.1" 200 2 "-" "PostmanRuntime/7.1.5"
::1 - - [17/Aug/2018:08:33:16 +0000] "GET /api/v1/scrape/startBetinEFLCup HTTP/1.1" 200 2 "-" "PostmanRuntime/7.1.5"
::1 - - [17/Aug/2018:08:35:47 +0000] "GET /api/v1/scrape/startBetinEFLCup HTTP/1.1" 200 9995 "-" "PostmanRuntime/7.1.5"
::1 - - [17/Aug/2018:08:38:47 +0000] "GET /api/v1/scrape/startBetinPremierLeague HTTP/1.1" 200 9644 "-" "PostmanRuntime/7.1.5"
::1 - - [17/Aug/2018:08:39:24 +0000] "GET /api/v1/scrape/startBetinLigue1 HTTP/1.1" 200 8773 "-" "PostmanRuntime/7.1.5"
::1 - - [17/Aug/2018:09:19:30 +0000] "GET /api/v1/scrape/startBetinSerieA HTTP/1.1" 200 7918 "-" "PostmanRuntime/7.1.5"
::1 - - [17/Aug/2018:09:25:42 +0000] "GET /robots.txt HTTP/1.1" 404 149 "-" "Mozilla/5.0 (X11; Linux x86_64) AppleWebKit/537.36 (KHTML, like Gecko) Chrome/67.0.3396.79 Safari/537.36"
::1 - - [17/Aug/2018:09:25:44 +0000] "GET /api/v1/scrape/startBetinSerieA HTTP/1.1" 200 7918 "-" "Mozilla/5.0 (X11; Linux x86_64) AppleWebKit/537.36 (KHTML, like Gecko) Chrome/67.0.3396.79 Safari/537.36"
::1 - - [17/Aug/2018:09:25:45 +0000] "GET /favicon.ico HTTP/1.1" 404 150 "http://localhost:3333/api/v1/scrape/startBetinSerieA" "Mozilla/5.0 (X11; Linux x86_64) AppleWebKit/537.36 (KHTML, like Gecko) Chrome/67.0.3396.79 Safari/537.36"
::1 - - [17/Aug/2018:09:28:07 +0000] "GET /api/v1/scrape/startSportpesaSerieA HTTP/1.1" 500 4265 "-" "PostmanRuntime/7.1.5"
::1 - - [17/Aug/2018:09:28:45 +0000] "GET /api/v1/scrape/startSportpesaSerieA HTTP/1.1" 200 8413 "-" "PostmanRuntime/7.1.5"
::1 - - [17/Aug/2018:09:37:24 +0000] "GET /robots.txt HTTP/1.1" 404 149 "-" "Mozilla/5.0 (X11; Linux x86_64) AppleWebKit/537.36 (KHTML, like Gecko) Chrome/67.0.3396.79 Safari/537.36"
::1 - - [17/Aug/2018:09:37:27 +0000] "GET /api/v1/scrape/startBetinSerieA HTTP/1.1" 200 12741 "-" "Mozilla/5.0 (X11; Linux x86_64) AppleWebKit/537.36 (KHTML, like Gecko) Chrome/67.0.3396.79 Safari/537.36"
::1 - - [17/Aug/2018:09:39:52 +0000] "GET /api/v1/scrape/startSportpesaSerieA HTTP/1.1" 200 13236 "-" "PostmanRuntime/7.1.5"
::1 - - [17/Aug/2018:09:40:59 +0000] "GET /api/v1/scrape/startBetikaPremierLeague HTTP/1.1" 200 18926 "-" "PostmanRuntime/7.1.5"
::1 - - [17/Aug/2018:09:41:03 +0000] "GET /api/v1/scrape/startBetikaPremierLeague HTTP/1.1" 200 23785 "-" "PostmanRuntime/7.1.5"
::1 - - [17/Aug/2018:09:41:33 +0000] "GET /api/v1/scrape/start1XBetPremierLeague HTTP/1.1" 500 325 "-" "PostmanRuntime/7.1.5"
::1 - - [17/Aug/2018:09:57:29 +0000] "GET /api/v1/scrape/start1XBetPremierLeague HTTP/1.1" 200 33351 "-" "PostmanRuntime/7.1.5"
::1 - - [17/Aug/2018:10:00:08 +0000] "GET /api/v1/scrape/start1XBetPremierLeague HTTP/1.1" 200 33352 "-" "PostmanRuntime/7.1.5"
::1 - - [17/Aug/2018:10:02:10 +0000] "GET /api/v1/scrape/start1XBetPremierLeague HTTP/1.1" 200 14803 "-" "PostmanRuntime/7.1.5"
::1 - - [17/Aug/2018:10:02:27 +0000] "GET /api/v1/scrape/start1XBetPremierLeague HTTP/1.1" 200 14803 "-" "Mozilla/5.0 (X11; Linux x86_64) AppleWebKit/537.36 (KHTML, like Gecko) Chrome/67.0.3396.79 Safari/537.36"
::1 - - [17/Aug/2018:10:03:15 +0000] "GET /api/v1/scrape/startBetinPremierLeague HTTP/1.1" 200 9876 "-" "PostmanRuntime/7.1.5"
::1 - - [17/Aug/2018:10:03:51 +0000] "GET /api/v1/scrape/startBetinPremierLeague HTTP/1.1" 200 14882 "-" "PostmanRuntime/7.1.5"
::1 - - [17/Aug/2018:10:08:51 +0000] "GET /api/v1/scrape/startBetikaPremierLeague HTTP/1.1" 200 19812 "-" "PostmanRuntime/7.1.5"
::1 - - [17/Aug/2018:10:19:07 +0000] "GET /api/v1/scrape/startBetwaySerieA HTTP/1.1" 200 2 "-" "PostmanRuntime/7.1.5"
::1 - - [17/Aug/2018:10:19:18 +0000] "GET /api/v1/scrape/startBetwaySerieA HTTP/1.1" 200 12741 "-" "PostmanRuntime/7.1.5"
::1 - - [17/Aug/2018:10:19:29 +0000] "GET /api/v1/scrape/startBetwaySerieA HTTP/1.1" 200 18122 "-" "PostmanRuntime/7.1.5"
::1 - - [17/Aug/2018:11:14:15 +0000] "GET /api/v1/scrape/start1XBetSerieA HTTP/1.1" 200 18122 "-" "PostmanRuntime/7.1.5"
::1 - - [17/Aug/2018:11:17:18 +0000] "GET /api/v1/scrape/startBetikaEFLCup HTTP/1.1" 200 2 "-" "PostmanRuntime/7.1.5"
::1 - - [17/Aug/2018:11:17:27 +0000] "GET /api/v1/scrape/startBetikaEFLCup HTTP/1.1" 200 2 "-" "PostmanRuntime/7.1.5"
::1 - - [17/Aug/2018:11:17:42 +0000] "GET /api/v1/scrape/startBetikaEFLCup HTTP/1.1" 200 9574 "-" "PostmanRuntime/7.1.5"
::1 - - [17/Aug/2018:11:17:54 +0000] "GET /api/v1/scrape/startBetikaEFLCup HTTP/1.1" 200 14187 "-" "PostmanRuntime/7.1.5"
::1 - - [17/Aug/2018:11:28:57 +0000] "GET /api/v1/scrape/startBetikaChampionship HTTP/1.1" 200 9439 "-" "PostmanRuntime/7.1.5"
::1 - - [17/Aug/2018:11:33:16 +0000] "GET /api/v1/scrape/startSportpesaEFLCup HTTP/1.1" 200 2 "-" "PostmanRuntime/7.1.5"
::1 - - [17/Aug/2018:11:33:18 +0000] "GET /api/v1/scrape/startSportpesaEFLCup HTTP/1.1" 200 2 "-" "PostmanRuntime/7.1.5"
::1 - - [17/Aug/2018:11:33:59 +0000] "GET /api/v1/scrape/startBetinEFLCup HTTP/1.1" 200 9995 "-" "PostmanRuntime/7.1.5"
::1 - - [17/Aug/2018:11:35:54 +0000] "GET /api/v1/scrape/startBetinSerieA HTTP/1.1" 200 22872 "-" "PostmanRuntime/7.1.5"
::1 - - [17/Aug/2018:11:41:12 +0000] "GET /api/v1/scrape/startBetinEFLCup HTTP/1.1" 200 5527 "-" "PostmanRuntime/7.1.5"
::1 - - [23/Aug/2018:06:34:09 +0000] "OPTIONS /api/v1/auth/signin HTTP/1.1" 200 4 "-" "Mozilla/5.0 (X11; Linux x86_64) AppleWebKit/537.36 (KHTML, like Gecko) Chrome/67.0.3396.79 Safari/537.36"
::1 - - [23/Aug/2018:06:34:09 +0000] "POST /api/v1/auth/signin HTTP/1.1" 200 554 "http://localhost:8080/" "Mozilla/5.0 (X11; Linux x86_64) AppleWebKit/537.36 (KHTML, like Gecko) Chrome/67.0.3396.79 Safari/537.36"
::1 - - [23/Aug/2018:10:03:18 +0000] "GET /api/v1/matches/serieA HTTP/1.1" 200 22872 "-" "PostmanRuntime/7.1.5"
::1 - - [23/Aug/2018:10:03:39 +0000] "GET /api/v1/matches/premier-league HTTP/1.1" 200 27101 "-" "Mozilla/5.0 (X11; Linux x86_64) AppleWebKit/537.36 (KHTML, like Gecko) Chrome/67.0.3396.79 Safari/537.36"
::1 - - [23/Aug/2018:10:03:39 +0000] "GET /robots.txt HTTP/1.1" 404 149 "-" "Mozilla/5.0 (X11; Linux x86_64) AppleWebKit/537.36 (KHTML, like Gecko) Chrome/67.0.3396.79 Safari/537.36"
::1 - - [23/Aug/2018:10:03:40 +0000] "GET /favicon.ico HTTP/1.1" 404 150 "http://localhost:3333/api/v1/matches/premier-league" "Mozilla/5.0 (X11; Linux x86_64) AppleWebKit/537.36 (KHTML, like Gecko) Chrome/67.0.3396.79 Safari/537.36"
::1 - - [23/Aug/2018:10:03:47 +0000] "GET /api/v1/matches/serieA HTTP/1.1" 200 22872 "-" "Mozilla/5.0 (X11; Linux x86_64) AppleWebKit/537.36 (KHTML, like Gecko) Chrome/67.0.3396.79 Safari/537.36"
::1 - - [23/Aug/2018:10:16:49 +0000] "GET /api/v1/matches/serieA/roma-atalanta HTTP/1.1" 200 22872 "-" "Mozilla/5.0 (X11; Linux x86_64) AppleWebKit/537.36 (KHTML, like Gecko) Chrome/67.0.3396.79 Safari/537.36"
::1 - - [23/Aug/2018:10:17:35 +0000] "GET /api/v1/matches/serieA/chievo-juventus HTTP/1.1" 200 1087 "-" "Mozilla/5.0 (X11; Linux x86_64) AppleWebKit/537.36 (KHTML, like Gecko) Chrome/67.0.3396.79 Safari/537.36"
::1 - - [23/Aug/2018:10:18:06 +0000] "GET /api/v1/matches/premier-league HTTP/1.1" 304 - "-" "Mozilla/5.0 (X11; Linux x86_64) AppleWebKit/537.36 (KHTML, like Gecko) Chrome/67.0.3396.79 Safari/537.36"
::1 - - [23/Aug/2018:10:18:13 +0000] "GET /api/v1/matches/premier-league/cardiff-newcastle HTTP/1.1" 200 782 "-" "Mozilla/5.0 (X11; Linux x86_64) AppleWebKit/537.36 (KHTML, like Gecko) Chrome/67.0.3396.79 Safari/537.36"
::1 - - [23/Aug/2018:10:19:33 +0000] "GET /robots.txt HTTP/1.1" 404 149 "-" "Mozilla/5.0 (X11; Linux x86_64) AppleWebKit/537.36 (KHTML, like Gecko) Chrome/67.0.3396.79 Safari/537.36"
::1 - - [23/Aug/2018:10:19:36 +0000] "GET /api/v1/matches/serieA/chievo-juventus HTTP/1.1" 304 - "-" "Mozilla/5.0 (X11; Linux x86_64) AppleWebKit/537.36 (KHTML, like Gecko) Chrome/67.0.3396.79 Safari/537.36"
::1 - - [23/Aug/2018:10:35:29 +0000] "GET /api/v1/scrape/startBetikaSerieA HTTP/1.1" 404 170 "-" "PostmanRuntime/7.1.5"
::1 - - [23/Aug/2018:10:36:29 +0000] "GET /api/v1/scrape/startBetikaSerieA HTTP/1.1" 200 18098 "-" "PostmanRuntime/7.1.5"
::1 - - [23/Aug/2018:10:44:07 +0000] "GET /api/v1/scrape/start1XBetSerieA HTTP/1.1" 200 22548 "-" "PostmanRuntime/7.1.5"
::1 - - [23/Aug/2018:10:46:24 +0000] "GET /api/v1/scrape/startBetwaySerieA HTTP/1.1" 200 2 "-" "PostmanRuntime/7.1.5"
::1 - - [23/Aug/2018:10:49:06 +0000] "GET /api/v1/scrape/startBetwayPremierLeague HTTP/1.1" 404 177 "-" "PostmanRuntime/7.1.5"
::1 - - [23/Aug/2018:10:49:11 +0000] "GET /api/v1/scrape/startBetwayPremierLeague HTTP/1.1" 404 177 "-" "PostmanRuntime/7.1.5"
::1 - - [23/Aug/2018:10:50:18 +0000] "GET /api/v1/scrape/startBetwayPremierLeague HTTP/1.1" 200 17228 "-" "PostmanRuntime/7.1.5"
::1 - - [23/Aug/2018:10:50:52 +0000] "GET /api/v1/scrape/startBetwayPremierLeague HTTP/1.1" 200 23334 "-" "PostmanRuntime/7.1.5"
::1 - - [23/Aug/2018:10:51:18 +0000] "GET /api/v1/scrape/startBetwayPremierLeague HTTP/1.1" 200 23334 "-" "PostmanRuntime/7.1.5"
::1 - - [23/Aug/2018:10:51:40 +0000] "GET /api/v1/scrape/startBetwaySerieA HTTP/1.1" 200 19609 "-" "PostmanRuntime/7.1.5"
::1 - - [23/Aug/2018:10:51:51 +0000] "GET /api/v1/scrape/startBetwaySerieA HTTP/1.1" 200 22934 "-" "PostmanRuntime/7.1.5"
::1 - - [23/Aug/2018:11:00:21 +0000] "GET /api/v1/scrape/startBetwaySerieA HTTP/1.1" 200 22934 "-" "PostmanRuntime/7.1.5"
::1 - - [23/Aug/2018:11:00:40 +0000] "GET /api/v1/scrape/startBetwayPremierLeague HTTP/1.1" 200 23334 "-" "PostmanRuntime/7.1.5"
::1 - - [23/Aug/2018:11:45:26 +0000] "GET /api/v1/scrape/startBetpawaPremierLeague HTTP/1.1" 200 2 "-" "PostmanRuntime/7.1.5"
::1 - - [23/Aug/2018:11:51:34 +0000] "GET /api/v1/scrape/startBetpawaPremierLeague HTTP/1.1" - - "-" "PostmanRuntime/7.1.5"
::1 - - [23/Aug/2018:11:54:26 +0000] "GET /api/v1/scrape/startBetpawaPremierLeague HTTP/1.1" 200 221 "-" "PostmanRuntime/7.1.5"
::1 - - [23/Aug/2018:12:10:59 +0000] "GET /api/v1/scrape/startBetpawaPremierLeague HTTP/1.1" 200 221 "-" "PostmanRuntime/7.1.5"
::1 - - [23/Aug/2018:12:13:30 +0000] "GET /api/v1/scrape/startBetpawaPremierLeague HTTP/1.1" 200 221 "-" "PostmanRuntime/7.1.5"
::1 - - [23/Aug/2018:12:14:45 +0000] "GET /api/v1/scrape/startBetpawaPremierLeague HTTP/1.1" 200 12921 "-" "PostmanRuntime/7.1.5"
::1 - - [23/Aug/2018:12:15:17 +0000] "GET /api/v1/scrape/startBetpawaPremierLeague HTTP/1.1" 200 15430 "-" "PostmanRuntime/7.1.5"
::1 - - [23/Aug/2018:12:24:45 +0000] "GET /api/v1/scrape/startBetpawaPremierLeague HTTP/1.1" 200 2 "-" "PostmanRuntime/7.1.5"
::1 - - [23/Aug/2018:12:24:49 +0000] "GET /api/v1/scrape/startBetpawaPremierLeague HTTP/1.1" 200 2 "-" "PostmanRuntime/7.1.5"
::1 - - [23/Aug/2018:12:25:14 +0000] "GET /api/v1/scrape/startBetpawaPremierLeague HTTP/1.1" 200 15430 "-" "PostmanRuntime/7.1.5"
