::1 - - [25/Aug/2018:18:30:03 +0000] "GET /api/v1/scrape/startBetikaPremierLeague HTTP/1.1" 200 24198 "http://localhost:8080/" "Mozilla/5.0 (X11; Linux x86_64) AppleWebKit/537.36 (KHTML, like Gecko) Ubuntu Chromium/65.0.3325.181 Chrome/65.0.3325.181 Safari/537.36"
::1 - - [25/Aug/2018:18:32:46 +0000] "GET /api/v1/scrape/startBetikaPremierLeague HTTP/1.1" 200 24200 "http://localhost:8080/" "Mozilla/5.0 (X11; Linux x86_64) AppleWebKit/537.36 (KHTML, like Gecko) Ubuntu Chromium/65.0.3325.181 Chrome/65.0.3325.181 Safari/537.36"
::1 - - [25/Aug/2018:18:37:46 +0000] "GET /api/v1/scrape/startBetikaPremierLeague HTTP/1.1" 304 - "http://localhost:8080/" "Mozilla/5.0 (X11; Linux x86_64) AppleWebKit/537.36 (KHTML, like Gecko) Ubuntu Chromium/65.0.3325.181 Chrome/65.0.3325.181 Safari/537.36"
::1 - - [25/Aug/2018:18:38:03 +0000] "GET /api/v1/scrape/startBetikaPremierLeague HTTP/1.1" 304 - "http://localhost:8080/" "Mozilla/5.0 (X11; Linux x86_64) AppleWebKit/537.36 (KHTML, like Gecko) Ubuntu Chromium/65.0.3325.181 Chrome/65.0.3325.181 Safari/537.36"
::1 - - [25/Aug/2018:18:45:52 +0000] "GET /api/v1/scrape/startBetikaPremierLeague HTTP/1.1" 304 - "http://localhost:8080/" "Mozilla/5.0 (X11; Linux x86_64) AppleWebKit/537.36 (KHTML, like Gecko) Ubuntu Chromium/65.0.3325.181 Chrome/65.0.3325.181 Safari/537.36"
::1 - - [25/Aug/2018:18:45:56 +0000] "GET /api/v1/scrape/startBetikaPremierLeague HTTP/1.1" 304 - "http://localhost:8080/" "Mozilla/5.0 (X11; Linux x86_64) AppleWebKit/537.36 (KHTML, like Gecko) Ubuntu Chromium/65.0.3325.181 Chrome/65.0.3325.181 Safari/537.36"
::1 - - [25/Aug/2018:18:46:05 +0000] "GET /api/v1/scrape/startBetikaPremierLeague HTTP/1.1" 304 - "http://localhost:8080/" "Mozilla/5.0 (X11; Linux x86_64) AppleWebKit/537.36 (KHTML, like Gecko) Ubuntu Chromium/65.0.3325.181 Chrome/65.0.3325.181 Safari/537.36"
::1 - - [25/Aug/2018:18:48:18 +0000] "GET /api/v1/scrape/startBetikaPremierLeague HTTP/1.1" 304 - "http://localhost:8080/" "Mozilla/5.0 (X11; Linux x86_64) AppleWebKit/537.36 (KHTML, like Gecko) Ubuntu Chromium/65.0.3325.181 Chrome/65.0.3325.181 Safari/537.36"
::1 - - [25/Aug/2018:18:48:24 +0000] "GET /api/v1/scrape/startBetikaPremierLeague HTTP/1.1" 304 - "http://localhost:8080/" "Mozilla/5.0 (X11; Linux x86_64) AppleWebKit/537.36 (KHTML, like Gecko) Ubuntu Chromium/65.0.3325.181 Chrome/65.0.3325.181 Safari/537.36"
::1 - - [25/Aug/2018:18:49:28 +0000] "GET /api/v1/scrape/startBetikaPremierLeague HTTP/1.1" 304 - "http://localhost:8080/" "Mozilla/5.0 (X11; Linux x86_64) AppleWebKit/537.36 (KHTML, like Gecko) Ubuntu Chromium/65.0.3325.181 Chrome/65.0.3325.181 Safari/537.36"
::1 - - [25/Aug/2018:19:04:17 +0000] "GET /api/v1/scrape/startBetikaPremierLeague HTTP/1.1" 304 - "http://localhost:8080/" "Mozilla/5.0 (X11; Linux x86_64) AppleWebKit/537.36 (KHTML, like Gecko) Ubuntu Chromium/65.0.3325.181 Chrome/65.0.3325.181 Safari/537.36"
::1 - - [25/Aug/2018:19:04:40 +0000] "GET /api/v1/scrape/startBetikaPremierLeague HTTP/1.1" 304 - "http://localhost:8080/" "Mozilla/5.0 (X11; Linux x86_64) AppleWebKit/537.36 (KHTML, like Gecko) Ubuntu Chromium/65.0.3325.181 Chrome/65.0.3325.181 Safari/537.36"
::1 - - [25/Aug/2018:19:05:15 +0000] "GET /api/v1/scrape/startBetikaPremierLeague HTTP/1.1" 304 - "http://localhost:8080/" "Mozilla/5.0 (X11; Linux x86_64) AppleWebKit/537.36 (KHTML, like Gecko) Ubuntu Chromium/65.0.3325.181 Chrome/65.0.3325.181 Safari/537.36"
::1 - - [25/Aug/2018:19:05:16 +0000] "GET /api/v1/scrape/startBetikaPremierLeague HTTP/1.1" 304 - "http://localhost:8080/" "Mozilla/5.0 (X11; Linux x86_64) AppleWebKit/537.36 (KHTML, like Gecko) Ubuntu Chromium/65.0.3325.181 Chrome/65.0.3325.181 Safari/537.36"
::1 - - [25/Aug/2018:19:16:19 +0000] "GET /api/v1/scrape/startBetikaPremierLeague HTTP/1.1" 304 - "http://localhost:8080/" "Mozilla/5.0 (X11; Linux x86_64) AppleWebKit/537.36 (KHTML, like Gecko) Ubuntu Chromium/65.0.3325.181 Chrome/65.0.3325.181 Safari/537.36"
::1 - - [25/Aug/2018:19:17:15 +0000] "GET /api/v1/scrape/startBetinPremierLeague HTTP/1.1" 200 16497 "http://localhost:8080/" "Mozilla/5.0 (X11; Linux x86_64) AppleWebKit/537.36 (KHTML, like Gecko) Ubuntu Chromium/65.0.3325.181 Chrome/65.0.3325.181 Safari/537.36"
::1 - - [25/Aug/2018:19:17:23 +0000] "GET /api/v1/scrape/startBetinPremierLeague HTTP/1.1" 200 19000 "http://localhost:8080/" "Mozilla/5.0 (X11; Linux x86_64) AppleWebKit/537.36 (KHTML, like Gecko) Ubuntu Chromium/65.0.3325.181 Chrome/65.0.3325.181 Safari/537.36"
::1 - - [25/Aug/2018:19:23:26 +0000] "GET /api/v1/scrape/start1XBetPremierLeague HTTP/1.1" 200 28157 "http://localhost:8080/" "Mozilla/5.0 (X11; Linux x86_64) AppleWebKit/537.36 (KHTML, like Gecko) Ubuntu Chromium/65.0.3325.181 Chrome/65.0.3325.181 Safari/537.36"
::1 - - [25/Aug/2018:19:24:10 +0000] "GET /api/v1/scrape/startBetpawaPremierLeague HTTP/1.1" 200 15178 "http://localhost:8080/" "Mozilla/5.0 (X11; Linux x86_64) AppleWebKit/537.36 (KHTML, like Gecko) Ubuntu Chromium/65.0.3325.181 Chrome/65.0.3325.181 Safari/537.36"
::1 - - [25/Aug/2018:19:24:18 +0000] "GET /api/v1/scrape/start1XBetPremierLeague HTTP/1.1" 200 34774 "http://localhost:8080/" "Mozilla/5.0 (X11; Linux x86_64) AppleWebKit/537.36 (KHTML, like Gecko) Ubuntu Chromium/65.0.3325.181 Chrome/65.0.3325.181 Safari/537.36"
::1 - - [25/Aug/2018:19:24:32 +0000] "GET /api/v1/scrape/startSportpesaPremierLeague HTTP/1.1" 200 33817 "http://localhost:8080/" "Mozilla/5.0 (X11; Linux x86_64) AppleWebKit/537.36 (KHTML, like Gecko) Ubuntu Chromium/65.0.3325.181 Chrome/65.0.3325.181 Safari/537.36"
::1 - - [25/Aug/2018:19:25:50 +0000] "GET /api/v1/scrape/startBetwayPremierLeague HTTP/1.1" 200 2 "http://localhost:8080/" "Mozilla/5.0 (X11; Linux x86_64) AppleWebKit/537.36 (KHTML, like Gecko) Ubuntu Chromium/65.0.3325.181 Chrome/65.0.3325.181 Safari/537.36"
::1 - - [25/Aug/2018:19:29:12 +0000] "GET /api/v1/scrape/startSportpesaPremierLeague HTTP/1.1" 200 42589 "http://localhost:8080/" "Mozilla/5.0 (X11; Linux x86_64) AppleWebKit/537.36 (KHTML, like Gecko) Ubuntu Chromium/65.0.3325.181 Chrome/65.0.3325.181 Safari/537.36"
::1 - - [25/Aug/2018:19:29:19 +0000] "GET /api/v1/scrape/startBetwayPremierLeague HTTP/1.1" 200 30686 "http://localhost:8080/" "Mozilla/5.0 (X11; Linux x86_64) AppleWebKit/537.36 (KHTML, like Gecko) Ubuntu Chromium/65.0.3325.181 Chrome/65.0.3325.181 Safari/537.36"
::1 - - [25/Aug/2018:19:29:39 +0000] "GET /api/v1/scrape/startBetpawaPremierLeague HTTP/1.1" 200 19969 "http://localhost:8080/" "Mozilla/5.0 (X11; Linux x86_64) AppleWebKit/537.36 (KHTML, like Gecko) Ubuntu Chromium/65.0.3325.181 Chrome/65.0.3325.181 Safari/537.36"
::1 - - [25/Aug/2018:19:29:44 +0000] "GET /api/v1/scrape/startBetikaPremierLeague HTTP/1.1" 200 43659 "http://localhost:8080/" "Mozilla/5.0 (X11; Linux x86_64) AppleWebKit/537.36 (KHTML, like Gecko) Ubuntu Chromium/65.0.3325.181 Chrome/65.0.3325.181 Safari/537.36"
::1 - - [25/Aug/2018:19:29:57 +0000] "GET /api/v1/scrape/startBetinPremierLeague HTTP/1.1" 200 24599 "http://localhost:8080/" "Mozilla/5.0 (X11; Linux x86_64) AppleWebKit/537.36 (KHTML, like Gecko) Ubuntu Chromium/65.0.3325.181 Chrome/65.0.3325.181 Safari/537.36"
::1 - - [25/Aug/2018:19:30:11 +0000] "GET /api/v1/scrape/start1XBetPremierLeague HTTP/1.1" 200 45388 "http://localhost:8080/" "Mozilla/5.0 (X11; Linux x86_64) AppleWebKit/537.36 (KHTML, like Gecko) Ubuntu Chromium/65.0.3325.181 Chrome/65.0.3325.181 Safari/537.36"
::1 - - [25/Aug/2018:20:01:18 +0000] "GET /api/v1/scrape/start1XBetPremierLeague HTTP/1.1" 304 - "http://localhost:8080/" "Mozilla/5.0 (X11; Linux x86_64) AppleWebKit/537.36 (KHTML, like Gecko) Ubuntu Chromium/65.0.3325.181 Chrome/65.0.3325.181 Safari/537.36"
