::1 - - [12/Sep/2018:05:25:35 +0000] "GET /api/v1/matches/premier-league HTTP/1.1" 304 - "http://localhost:8080/" "Mozilla/5.0 (X11; Linux x86_64) AppleWebKit/537.36 (KHTML, like Gecko) Chrome/67.0.3396.79 Safari/537.36"
::1 - - [12/Sep/2018:05:25:35 +0000] "GET /api/v1/matches/LaLiga HTTP/1.1" 304 - "http://localhost:8080/" "Mozilla/5.0 (X11; Linux x86_64) AppleWebKit/537.36 (KHTML, like Gecko) Chrome/67.0.3396.79 Safari/537.36"
::1 - - [12/Sep/2018:05:25:35 +0000] "GET /api/v1/matches/leaguecup HTTP/1.1" 304 - "http://localhost:8080/" "Mozilla/5.0 (X11; Linux x86_64) AppleWebKit/537.36 (KHTML, like Gecko) Chrome/67.0.3396.79 Safari/537.36"
::1 - - [12/Sep/2018:05:25:35 +0000] "GET /api/v1/matches/bundesliga HTTP/1.1" 304 - "http://localhost:8080/" "Mozilla/5.0 (X11; Linux x86_64) AppleWebKit/537.36 (KHTML, like Gecko) Chrome/67.0.3396.79 Safari/537.36"
::1 - - [12/Sep/2018:05:25:35 +0000] "GET /api/v1/matches/ligue1 HTTP/1.1" 304 - "http://localhost:8080/" "Mozilla/5.0 (X11; Linux x86_64) AppleWebKit/537.36 (KHTML, like Gecko) Chrome/67.0.3396.79 Safari/537.36"
::1 - - [12/Sep/2018:05:25:55 +0000] "GET /api/v1/matches/premier-league HTTP/1.1" 304 - "http://localhost:8080/" "Mozilla/5.0 (X11; Linux x86_64) AppleWebKit/537.36 (KHTML, like Gecko) Chrome/67.0.3396.79 Safari/537.36"
::1 - - [12/Sep/2018:05:25:55 +0000] "GET /api/v1/matches/LaLiga HTTP/1.1" 304 - "http://localhost:8080/" "Mozilla/5.0 (X11; Linux x86_64) AppleWebKit/537.36 (KHTML, like Gecko) Chrome/67.0.3396.79 Safari/537.36"
::1 - - [12/Sep/2018:05:25:55 +0000] "GET /api/v1/matches/bundesliga HTTP/1.1" 304 - "http://localhost:8080/" "Mozilla/5.0 (X11; Linux x86_64) AppleWebKit/537.36 (KHTML, like Gecko) Chrome/67.0.3396.79 Safari/537.36"
::1 - - [12/Sep/2018:05:25:55 +0000] "GET /api/v1/matches/ligue1 HTTP/1.1" 304 - "http://localhost:8080/" "Mozilla/5.0 (X11; Linux x86_64) AppleWebKit/537.36 (KHTML, like Gecko) Chrome/67.0.3396.79 Safari/537.36"
::1 - - [12/Sep/2018:05:25:55 +0000] "GET /api/v1/matches/leaguecup HTTP/1.1" 304 - "http://localhost:8080/" "Mozilla/5.0 (X11; Linux x86_64) AppleWebKit/537.36 (KHTML, like Gecko) Chrome/67.0.3396.79 Safari/537.36"
::1 - - [09/Sep/2018:10:03:47 +0000] "GET /api/v1/matches/premier-league HTTP/1.1" 304 - "http://localhost:8080/" "Mozilla/5.0 (X11; Linux x86_64) AppleWebKit/537.36 (KHTML, like Gecko) Chrome/67.0.3396.79 Safari/537.36"
::1 - - [09/Sep/2018:10:03:47 +0000] "GET /api/v1/matches/bundesliga HTTP/1.1" 304 - "http://localhost:8080/" "Mozilla/5.0 (X11; Linux x86_64) AppleWebKit/537.36 (KHTML, like Gecko) Chrome/67.0.3396.79 Safari/537.36"
::1 - - [09/Sep/2018:10:03:47 +0000] "GET /api/v1/matches/LaLiga HTTP/1.1" 304 - "http://localhost:8080/" "Mozilla/5.0 (X11; Linux x86_64) AppleWebKit/537.36 (KHTML, like Gecko) Chrome/67.0.3396.79 Safari/537.36"
::1 - - [09/Sep/2018:10:03:47 +0000] "GET /api/v1/matches/ligue1 HTTP/1.1" 304 - "http://localhost:8080/" "Mozilla/5.0 (X11; Linux x86_64) AppleWebKit/537.36 (KHTML, like Gecko) Chrome/67.0.3396.79 Safari/537.36"
::1 - - [09/Sep/2018:10:03:47 +0000] "GET /api/v1/matches/leaguecup HTTP/1.1" 304 - "http://localhost:8080/" "Mozilla/5.0 (X11; Linux x86_64) AppleWebKit/537.36 (KHTML, like Gecko) Chrome/67.0.3396.79 Safari/537.36"
::1 - - [09/Sep/2018:10:04:21 +0000] "GET /api/v1/matches/ligue1 HTTP/1.1" 200 16285 "http://localhost:8080/" "Mozilla/5.0 (X11; Linux x86_64) AppleWebKit/537.36 (KHTML, like Gecko) Chrome/67.0.3396.79 Safari/537.36"
::1 - - [09/Sep/2018:10:04:21 +0000] "GET /api/v1/matches/premier-league HTTP/1.1" 304 - "http://localhost:8080/" "Mozilla/5.0 (X11; Linux x86_64) AppleWebKit/537.36 (KHTML, like Gecko) Chrome/67.0.3396.79 Safari/537.36"
::1 - - [09/Sep/2018:10:04:21 +0000] "GET /api/v1/matches/LaLiga HTTP/1.1" 304 - "http://localhost:8080/" "Mozilla/5.0 (X11; Linux x86_64) AppleWebKit/537.36 (KHTML, like Gecko) Chrome/67.0.3396.79 Safari/537.36"
::1 - - [09/Sep/2018:10:04:21 +0000] "GET /api/v1/matches/leaguecup HTTP/1.1" 200 42304 "http://localhost:8080/" "Mozilla/5.0 (X11; Linux x86_64) AppleWebKit/537.36 (KHTML, like Gecko) Chrome/67.0.3396.79 Safari/537.36"
::1 - - [09/Sep/2018:10:04:21 +0000] "GET /api/v1/matches/bundesliga HTTP/1.1" 304 - "http://localhost:8080/" "Mozilla/5.0 (X11; Linux x86_64) AppleWebKit/537.36 (KHTML, like Gecko) Chrome/67.0.3396.79 Safari/537.36"
::1 - - [09/Sep/2018:10:07:19 +0000] "GET /api/v1/matches/premier-league HTTP/1.1" 304 - "http://localhost:8080/" "Mozilla/5.0 (X11; Linux x86_64) AppleWebKit/537.36 (KHTML, like Gecko) Chrome/67.0.3396.79 Safari/537.36"
::1 - - [09/Sep/2018:10:07:19 +0000] "GET /api/v1/matches/LaLiga HTTP/1.1" 304 - "http://localhost:8080/" "Mozilla/5.0 (X11; Linux x86_64) AppleWebKit/537.36 (KHTML, like Gecko) Chrome/67.0.3396.79 Safari/537.36"
::1 - - [09/Sep/2018:10:07:19 +0000] "GET /api/v1/matches/bundesliga HTTP/1.1" 304 - "http://localhost:8080/" "Mozilla/5.0 (X11; Linux x86_64) AppleWebKit/537.36 (KHTML, like Gecko) Chrome/67.0.3396.79 Safari/537.36"
::1 - - [09/Sep/2018:10:07:19 +0000] "GET /api/v1/matches/ligue1 HTTP/1.1" 304 - "http://localhost:8080/" "Mozilla/5.0 (X11; Linux x86_64) AppleWebKit/537.36 (KHTML, like Gecko) Chrome/67.0.3396.79 Safari/537.36"
::1 - - [09/Sep/2018:10:07:19 +0000] "GET /api/v1/matches/leaguecup HTTP/1.1" 304 - "http://localhost:8080/" "Mozilla/5.0 (X11; Linux x86_64) AppleWebKit/537.36 (KHTML, like Gecko) Chrome/67.0.3396.79 Safari/537.36"
::1 - - [09/Sep/2018:10:07:49 +0000] "GET /api/v1/matches/premier-league HTTP/1.1" 304 - "http://localhost:8080/" "Mozilla/5.0 (X11; Linux x86_64) AppleWebKit/537.36 (KHTML, like Gecko) Chrome/67.0.3396.79 Safari/537.36"
::1 - - [09/Sep/2018:10:07:49 +0000] "GET /api/v1/matches/LaLiga HTTP/1.1" 304 - "http://localhost:8080/" "Mozilla/5.0 (X11; Linux x86_64) AppleWebKit/537.36 (KHTML, like Gecko) Chrome/67.0.3396.79 Safari/537.36"
::1 - - [09/Sep/2018:10:07:49 +0000] "GET /api/v1/matches/bundesliga HTTP/1.1" 304 - "http://localhost:8080/" "Mozilla/5.0 (X11; Linux x86_64) AppleWebKit/537.36 (KHTML, like Gecko) Chrome/67.0.3396.79 Safari/537.36"
::1 - - [09/Sep/2018:10:07:50 +0000] "GET /api/v1/matches/ligue1 HTTP/1.1" 304 - "http://localhost:8080/" "Mozilla/5.0 (X11; Linux x86_64) AppleWebKit/537.36 (KHTML, like Gecko) Chrome/67.0.3396.79 Safari/537.36"
::1 - - [09/Sep/2018:10:07:50 +0000] "GET /api/v1/matches/leaguecup HTTP/1.1" 304 - "http://localhost:8080/" "Mozilla/5.0 (X11; Linux x86_64) AppleWebKit/537.36 (KHTML, like Gecko) Chrome/67.0.3396.79 Safari/537.36"
::1 - - [09/Sep/2018:10:15:38 +0000] "GET /api/v1/matches/count/Ligue%201 HTTP/1.1" 304 - "http://localhost:8080/" "Mozilla/5.0 (X11; Linux x86_64) AppleWebKit/537.36 (KHTML, like Gecko) Chrome/67.0.3396.79 Safari/537.36"
::1 - - [09/Sep/2018:10:15:38 +0000] "GET /api/v1/matches/count/Bundesliga HTTP/1.1" 304 - "http://localhost:8080/" "Mozilla/5.0 (X11; Linux x86_64) AppleWebKit/537.36 (KHTML, like Gecko) Chrome/67.0.3396.79 Safari/537.36"
::1 - - [09/Sep/2018:10:15:38 +0000] "GET /api/v1/matches/count/Serie%20A HTTP/1.1" 304 - "http://localhost:8080/" "Mozilla/5.0 (X11; Linux x86_64) AppleWebKit/537.36 (KHTML, like Gecko) Chrome/67.0.3396.79 Safari/537.36"
::1 - - [09/Sep/2018:10:15:38 +0000] "GET /api/v1/matches/count/Premier%20League HTTP/1.1" 304 - "http://localhost:8080/" "Mozilla/5.0 (X11; Linux x86_64) AppleWebKit/537.36 (KHTML, like Gecko) Chrome/67.0.3396.79 Safari/537.36"
::1 - - [09/Sep/2018:10:15:38 +0000] "GET /api/v1/matches/count/League%20Cup HTTP/1.1" 304 - "http://localhost:8080/" "Mozilla/5.0 (X11; Linux x86_64) AppleWebKit/537.36 (KHTML, like Gecko) Chrome/67.0.3396.79 Safari/537.36"
::1 - - [09/Sep/2018:10:15:38 +0000] "GET /api/v1/matches/count/La%20Liga HTTP/1.1" 304 - "http://localhost:8080/" "Mozilla/5.0 (X11; Linux x86_64) AppleWebKit/537.36 (KHTML, like Gecko) Chrome/67.0.3396.79 Safari/537.36"
::1 - - [09/Sep/2018:10:15:39 +0000] "GET /api/v1/matches/premier-league HTTP/1.1" 304 - "http://localhost:8080/" "Mozilla/5.0 (X11; Linux x86_64) AppleWebKit/537.36 (KHTML, like Gecko) Chrome/67.0.3396.79 Safari/537.36"
::1 - - [09/Sep/2018:10:15:39 +0000] "GET /api/v1/matches/LaLiga HTTP/1.1" 304 - "http://localhost:8080/" "Mozilla/5.0 (X11; Linux x86_64) AppleWebKit/537.36 (KHTML, like Gecko) Chrome/67.0.3396.79 Safari/537.36"
::1 - - [09/Sep/2018:10:15:39 +0000] "GET /api/v1/matches/bundesliga HTTP/1.1" 304 - "http://localhost:8080/" "Mozilla/5.0 (X11; Linux x86_64) AppleWebKit/537.36 (KHTML, like Gecko) Chrome/67.0.3396.79 Safari/537.36"
::1 - - [09/Sep/2018:10:15:39 +0000] "GET /api/v1/matches/ligue1 HTTP/1.1" 304 - "http://localhost:8080/" "Mozilla/5.0 (X11; Linux x86_64) AppleWebKit/537.36 (KHTML, like Gecko) Chrome/67.0.3396.79 Safari/537.36"
::1 - - [09/Sep/2018:10:15:39 +0000] "GET /api/v1/matches/leaguecup HTTP/1.1" 304 - "http://localhost:8080/" "Mozilla/5.0 (X11; Linux x86_64) AppleWebKit/537.36 (KHTML, like Gecko) Chrome/67.0.3396.79 Safari/537.36"
::1 - - [09/Sep/2018:10:15:43 +0000] "GET /api/v1/matches/premier-league HTTP/1.1" 304 - "http://localhost:8080/" "Mozilla/5.0 (X11; Linux x86_64) AppleWebKit/537.36 (KHTML, like Gecko) Chrome/67.0.3396.79 Safari/537.36"
::1 - - [09/Sep/2018:10:15:43 +0000] "GET /api/v1/matches/LaLiga HTTP/1.1" 304 - "http://localhost:8080/" "Mozilla/5.0 (X11; Linux x86_64) AppleWebKit/537.36 (KHTML, like Gecko) Chrome/67.0.3396.79 Safari/537.36"
::1 - - [09/Sep/2018:10:15:43 +0000] "GET /api/v1/matches/bundesliga HTTP/1.1" 304 - "http://localhost:8080/" "Mozilla/5.0 (X11; Linux x86_64) AppleWebKit/537.36 (KHTML, like Gecko) Chrome/67.0.3396.79 Safari/537.36"
::1 - - [09/Sep/2018:10:15:43 +0000] "GET /api/v1/matches/ligue1 HTTP/1.1" 304 - "http://localhost:8080/" "Mozilla/5.0 (X11; Linux x86_64) AppleWebKit/537.36 (KHTML, like Gecko) Chrome/67.0.3396.79 Safari/537.36"
::1 - - [09/Sep/2018:10:15:43 +0000] "GET /api/v1/matches/leaguecup HTTP/1.1" 304 - "http://localhost:8080/" "Mozilla/5.0 (X11; Linux x86_64) AppleWebKit/537.36 (KHTML, like Gecko) Chrome/67.0.3396.79 Safari/537.36"
::1 - - [09/Sep/2018:10:16:42 +0000] "GET /api/v1/matches/premier-league HTTP/1.1" 304 - "http://localhost:8080/" "Mozilla/5.0 (X11; Linux x86_64) AppleWebKit/537.36 (KHTML, like Gecko) Chrome/67.0.3396.79 Safari/537.36"
::1 - - [09/Sep/2018:10:16:42 +0000] "GET /api/v1/matches/LaLiga HTTP/1.1" 304 - "http://localhost:8080/" "Mozilla/5.0 (X11; Linux x86_64) AppleWebKit/537.36 (KHTML, like Gecko) Chrome/67.0.3396.79 Safari/537.36"
::1 - - [09/Sep/2018:10:16:42 +0000] "GET /api/v1/matches/bundesliga HTTP/1.1" 304 - "http://localhost:8080/" "Mozilla/5.0 (X11; Linux x86_64) AppleWebKit/537.36 (KHTML, like Gecko) Chrome/67.0.3396.79 Safari/537.36"
::1 - - [09/Sep/2018:10:16:42 +0000] "GET /api/v1/matches/ligue1 HTTP/1.1" 304 - "http://localhost:8080/" "Mozilla/5.0 (X11; Linux x86_64) AppleWebKit/537.36 (KHTML, like Gecko) Chrome/67.0.3396.79 Safari/537.36"
::1 - - [09/Sep/2018:10:16:42 +0000] "GET /api/v1/matches/leaguecup HTTP/1.1" 304 - "http://localhost:8080/" "Mozilla/5.0 (X11; Linux x86_64) AppleWebKit/537.36 (KHTML, like Gecko) Chrome/67.0.3396.79 Safari/537.36"
::1 - - [09/Sep/2018:10:17:12 +0000] "GET /api/v1/matches/premier-league HTTP/1.1" 304 - "http://localhost:8080/" "Mozilla/5.0 (X11; Linux x86_64) AppleWebKit/537.36 (KHTML, like Gecko) Chrome/67.0.3396.79 Safari/537.36"
::1 - - [09/Sep/2018:10:17:12 +0000] "GET /api/v1/matches/LaLiga HTTP/1.1" 304 - "http://localhost:8080/" "Mozilla/5.0 (X11; Linux x86_64) AppleWebKit/537.36 (KHTML, like Gecko) Chrome/67.0.3396.79 Safari/537.36"
::1 - - [09/Sep/2018:10:17:12 +0000] "GET /api/v1/matches/bundesliga HTTP/1.1" 304 - "http://localhost:8080/" "Mozilla/5.0 (X11; Linux x86_64) AppleWebKit/537.36 (KHTML, like Gecko) Chrome/67.0.3396.79 Safari/537.36"
::1 - - [09/Sep/2018:10:17:12 +0000] "GET /api/v1/matches/ligue1 HTTP/1.1" 304 - "http://localhost:8080/" "Mozilla/5.0 (X11; Linux x86_64) AppleWebKit/537.36 (KHTML, like Gecko) Chrome/67.0.3396.79 Safari/537.36"
::1 - - [09/Sep/2018:10:17:12 +0000] "GET /api/v1/matches/leaguecup HTTP/1.1" 304 - "http://localhost:8080/" "Mozilla/5.0 (X11; Linux x86_64) AppleWebKit/537.36 (KHTML, like Gecko) Chrome/67.0.3396.79 Safari/537.36"
::1 - - [09/Sep/2018:10:17:17 +0000] "GET /api/v1/matches/premier-league HTTP/1.1" 304 - "http://localhost:8080/" "Mozilla/5.0 (X11; Linux x86_64) AppleWebKit/537.36 (KHTML, like Gecko) Chrome/67.0.3396.79 Safari/537.36"
::1 - - [09/Sep/2018:10:17:17 +0000] "GET /api/v1/matches/LaLiga HTTP/1.1" 304 - "http://localhost:8080/" "Mozilla/5.0 (X11; Linux x86_64) AppleWebKit/537.36 (KHTML, like Gecko) Chrome/67.0.3396.79 Safari/537.36"
::1 - - [09/Sep/2018:10:17:17 +0000] "GET /api/v1/matches/bundesliga HTTP/1.1" 304 - "http://localhost:8080/" "Mozilla/5.0 (X11; Linux x86_64) AppleWebKit/537.36 (KHTML, like Gecko) Chrome/67.0.3396.79 Safari/537.36"
::1 - - [09/Sep/2018:10:17:17 +0000] "GET /api/v1/matches/ligue1 HTTP/1.1" 304 - "http://localhost:8080/" "Mozilla/5.0 (X11; Linux x86_64) AppleWebKit/537.36 (KHTML, like Gecko) Chrome/67.0.3396.79 Safari/537.36"
::1 - - [09/Sep/2018:10:17:17 +0000] "GET /api/v1/matches/leaguecup HTTP/1.1" 304 - "http://localhost:8080/" "Mozilla/5.0 (X11; Linux x86_64) AppleWebKit/537.36 (KHTML, like Gecko) Chrome/67.0.3396.79 Safari/537.36"
::1 - - [09/Sep/2018:10:17:25 +0000] "GET /api/v1/matches/premier-league HTTP/1.1" 304 - "http://localhost:8080/" "Mozilla/5.0 (X11; Linux x86_64) AppleWebKit/537.36 (KHTML, like Gecko) Chrome/67.0.3396.79 Safari/537.36"
::1 - - [09/Sep/2018:10:17:26 +0000] "GET /api/v1/matches/LaLiga HTTP/1.1" 304 - "http://localhost:8080/" "Mozilla/5.0 (X11; Linux x86_64) AppleWebKit/537.36 (KHTML, like Gecko) Chrome/67.0.3396.79 Safari/537.36"
::1 - - [09/Sep/2018:10:17:26 +0000] "GET /api/v1/matches/bundesliga HTTP/1.1" 304 - "http://localhost:8080/" "Mozilla/5.0 (X11; Linux x86_64) AppleWebKit/537.36 (KHTML, like Gecko) Chrome/67.0.3396.79 Safari/537.36"
::1 - - [09/Sep/2018:10:17:26 +0000] "GET /api/v1/matches/ligue1 HTTP/1.1" 304 - "http://localhost:8080/" "Mozilla/5.0 (X11; Linux x86_64) AppleWebKit/537.36 (KHTML, like Gecko) Chrome/67.0.3396.79 Safari/537.36"
::1 - - [09/Sep/2018:10:17:26 +0000] "GET /api/v1/matches/leaguecup HTTP/1.1" 304 - "http://localhost:8080/" "Mozilla/5.0 (X11; Linux x86_64) AppleWebKit/537.36 (KHTML, like Gecko) Chrome/67.0.3396.79 Safari/537.36"
::1 - - [09/Sep/2018:10:17:47 +0000] "GET /api/v1/matches/count/Premier%20League HTTP/1.1" 304 - "http://localhost:8080/" "Mozilla/5.0 (X11; Linux x86_64) AppleWebKit/537.36 (KHTML, like Gecko) Chrome/67.0.3396.79 Safari/537.36"
::1 - - [09/Sep/2018:10:17:47 +0000] "GET /api/v1/matches/count/La%20Liga HTTP/1.1" 304 - "http://localhost:8080/" "Mozilla/5.0 (X11; Linux x86_64) AppleWebKit/537.36 (KHTML, like Gecko) Chrome/67.0.3396.79 Safari/537.36"
::1 - - [09/Sep/2018:10:17:47 +0000] "GET /api/v1/matches/count/Serie%20A HTTP/1.1" 304 - "http://localhost:8080/" "Mozilla/5.0 (X11; Linux x86_64) AppleWebKit/537.36 (KHTML, like Gecko) Chrome/67.0.3396.79 Safari/537.36"
::1 - - [09/Sep/2018:10:17:47 +0000] "GET /api/v1/matches/count/Bundesliga HTTP/1.1" 304 - "http://localhost:8080/" "Mozilla/5.0 (X11; Linux x86_64) AppleWebKit/537.36 (KHTML, like Gecko) Chrome/67.0.3396.79 Safari/537.36"
::1 - - [09/Sep/2018:10:17:47 +0000] "GET /api/v1/matches/count/Ligue%201 HTTP/1.1" 304 - "http://localhost:8080/" "Mozilla/5.0 (X11; Linux x86_64) AppleWebKit/537.36 (KHTML, like Gecko) Chrome/67.0.3396.79 Safari/537.36"
::1 - - [09/Sep/2018:10:17:47 +0000] "GET /api/v1/matches/count/League%20Cup HTTP/1.1" 304 - "http://localhost:8080/" "Mozilla/5.0 (X11; Linux x86_64) AppleWebKit/537.36 (KHTML, like Gecko) Chrome/67.0.3396.79 Safari/537.36"
::1 - - [09/Sep/2018:10:17:48 +0000] "GET /api/v1/matches/premier-league HTTP/1.1" 304 - "http://localhost:8080/" "Mozilla/5.0 (X11; Linux x86_64) AppleWebKit/537.36 (KHTML, like Gecko) Chrome/67.0.3396.79 Safari/537.36"
::1 - - [09/Sep/2018:10:17:48 +0000] "GET /api/v1/matches/LaLiga HTTP/1.1" 304 - "http://localhost:8080/" "Mozilla/5.0 (X11; Linux x86_64) AppleWebKit/537.36 (KHTML, like Gecko) Chrome/67.0.3396.79 Safari/537.36"
::1 - - [09/Sep/2018:10:17:49 +0000] "GET /api/v1/matches/bundesliga HTTP/1.1" 304 - "http://localhost:8080/" "Mozilla/5.0 (X11; Linux x86_64) AppleWebKit/537.36 (KHTML, like Gecko) Chrome/67.0.3396.79 Safari/537.36"
::1 - - [09/Sep/2018:10:17:49 +0000] "GET /api/v1/matches/ligue1 HTTP/1.1" 304 - "http://localhost:8080/" "Mozilla/5.0 (X11; Linux x86_64) AppleWebKit/537.36 (KHTML, like Gecko) Chrome/67.0.3396.79 Safari/537.36"
::1 - - [09/Sep/2018:10:17:49 +0000] "GET /api/v1/matches/leaguecup HTTP/1.1" 304 - "http://localhost:8080/" "Mozilla/5.0 (X11; Linux x86_64) AppleWebKit/537.36 (KHTML, like Gecko) Chrome/67.0.3396.79 Safari/537.36"
::1 - - [09/Sep/2018:10:18:45 +0000] "GET /api/v1/matches/premier-league HTTP/1.1" 304 - "http://localhost:8080/" "Mozilla/5.0 (X11; Linux x86_64) AppleWebKit/537.36 (KHTML, like Gecko) Chrome/67.0.3396.79 Safari/537.36"
::1 - - [09/Sep/2018:10:18:45 +0000] "GET /api/v1/matches/LaLiga HTTP/1.1" 304 - "http://localhost:8080/" "Mozilla/5.0 (X11; Linux x86_64) AppleWebKit/537.36 (KHTML, like Gecko) Chrome/67.0.3396.79 Safari/537.36"
::1 - - [09/Sep/2018:10:18:45 +0000] "GET /api/v1/matches/bundesliga HTTP/1.1" 304 - "http://localhost:8080/" "Mozilla/5.0 (X11; Linux x86_64) AppleWebKit/537.36 (KHTML, like Gecko) Chrome/67.0.3396.79 Safari/537.36"
::1 - - [09/Sep/2018:10:18:45 +0000] "GET /api/v1/matches/ligue1 HTTP/1.1" 304 - "http://localhost:8080/" "Mozilla/5.0 (X11; Linux x86_64) AppleWebKit/537.36 (KHTML, like Gecko) Chrome/67.0.3396.79 Safari/537.36"
::1 - - [09/Sep/2018:10:18:45 +0000] "GET /api/v1/matches/leaguecup HTTP/1.1" 304 - "http://localhost:8080/" "Mozilla/5.0 (X11; Linux x86_64) AppleWebKit/537.36 (KHTML, like Gecko) Chrome/67.0.3396.79 Safari/537.36"
::1 - - [09/Sep/2018:10:35:26 +0000] "GET /api/v1/matches/premier-league HTTP/1.1" 304 - "http://localhost:8080/" "Mozilla/5.0 (X11; Linux x86_64) AppleWebKit/537.36 (KHTML, like Gecko) Chrome/67.0.3396.79 Safari/537.36"
::1 - - [09/Sep/2018:10:35:26 +0000] "GET /api/v1/matches/LaLiga HTTP/1.1" 304 - "http://localhost:8080/" "Mozilla/5.0 (X11; Linux x86_64) AppleWebKit/537.36 (KHTML, like Gecko) Chrome/67.0.3396.79 Safari/537.36"
::1 - - [09/Sep/2018:10:35:26 +0000] "GET /api/v1/matches/bundesliga HTTP/1.1" 304 - "http://localhost:8080/" "Mozilla/5.0 (X11; Linux x86_64) AppleWebKit/537.36 (KHTML, like Gecko) Chrome/67.0.3396.79 Safari/537.36"
::1 - - [09/Sep/2018:10:35:26 +0000] "GET /api/v1/matches/ligue1 HTTP/1.1" 304 - "http://localhost:8080/" "Mozilla/5.0 (X11; Linux x86_64) AppleWebKit/537.36 (KHTML, like Gecko) Chrome/67.0.3396.79 Safari/537.36"
::1 - - [09/Sep/2018:10:35:26 +0000] "GET /api/v1/matches/leaguecup HTTP/1.1" 304 - "http://localhost:8080/" "Mozilla/5.0 (X11; Linux x86_64) AppleWebKit/537.36 (KHTML, like Gecko) Chrome/67.0.3396.79 Safari/537.36"
::1 - - [09/Sep/2018:10:35:30 +0000] "GET /api/v1/matches/premier-league HTTP/1.1" 304 - "http://localhost:8080/" "Mozilla/5.0 (X11; Linux x86_64) AppleWebKit/537.36 (KHTML, like Gecko) Chrome/67.0.3396.79 Safari/537.36"
::1 - - [09/Sep/2018:10:35:30 +0000] "GET /api/v1/matches/LaLiga HTTP/1.1" 304 - "http://localhost:8080/" "Mozilla/5.0 (X11; Linux x86_64) AppleWebKit/537.36 (KHTML, like Gecko) Chrome/67.0.3396.79 Safari/537.36"
::1 - - [09/Sep/2018:10:35:30 +0000] "GET /api/v1/matches/bundesliga HTTP/1.1" 304 - "http://localhost:8080/" "Mozilla/5.0 (X11; Linux x86_64) AppleWebKit/537.36 (KHTML, like Gecko) Chrome/67.0.3396.79 Safari/537.36"
::1 - - [09/Sep/2018:10:35:30 +0000] "GET /api/v1/matches/ligue1 HTTP/1.1" 304 - "http://localhost:8080/" "Mozilla/5.0 (X11; Linux x86_64) AppleWebKit/537.36 (KHTML, like Gecko) Chrome/67.0.3396.79 Safari/537.36"
::1 - - [09/Sep/2018:10:35:30 +0000] "GET /api/v1/matches/leaguecup HTTP/1.1" 304 - "http://localhost:8080/" "Mozilla/5.0 (X11; Linux x86_64) AppleWebKit/537.36 (KHTML, like Gecko) Chrome/67.0.3396.79 Safari/537.36"
::1 - - [09/Sep/2018:10:36:11 +0000] "GET /api/v1/matches/premier-league HTTP/1.1" 304 - "http://localhost:8080/" "Mozilla/5.0 (X11; Linux x86_64) AppleWebKit/537.36 (KHTML, like Gecko) Chrome/67.0.3396.79 Safari/537.36"
::1 - - [09/Sep/2018:10:36:11 +0000] "GET /api/v1/matches/LaLiga HTTP/1.1" 304 - "http://localhost:8080/" "Mozilla/5.0 (X11; Linux x86_64) AppleWebKit/537.36 (KHTML, like Gecko) Chrome/67.0.3396.79 Safari/537.36"
::1 - - [09/Sep/2018:10:36:11 +0000] "GET /api/v1/matches/bundesliga HTTP/1.1" 304 - "http://localhost:8080/" "Mozilla/5.0 (X11; Linux x86_64) AppleWebKit/537.36 (KHTML, like Gecko) Chrome/67.0.3396.79 Safari/537.36"
::1 - - [09/Sep/2018:10:36:11 +0000] "GET /api/v1/matches/ligue1 HTTP/1.1" 304 - "http://localhost:8080/" "Mozilla/5.0 (X11; Linux x86_64) AppleWebKit/537.36 (KHTML, like Gecko) Chrome/67.0.3396.79 Safari/537.36"
::1 - - [09/Sep/2018:10:36:11 +0000] "GET /api/v1/matches/leaguecup HTTP/1.1" 304 - "http://localhost:8080/" "Mozilla/5.0 (X11; Linux x86_64) AppleWebKit/537.36 (KHTML, like Gecko) Chrome/67.0.3396.79 Safari/537.36"
::1 - - [09/Sep/2018:10:36:11 +0000] "GET /api/v1/matches/premier-league HTTP/1.1" 304 - "http://localhost:8080/" "Mozilla/5.0 (X11; Linux x86_64) AppleWebKit/537.36 (KHTML, like Gecko) Chrome/67.0.3396.79 Safari/537.36"
::1 - - [09/Sep/2018:10:36:12 +0000] "GET /api/v1/matches/LaLiga HTTP/1.1" 304 - "http://localhost:8080/" "Mozilla/5.0 (X11; Linux x86_64) AppleWebKit/537.36 (KHTML, like Gecko) Chrome/67.0.3396.79 Safari/537.36"
::1 - - [09/Sep/2018:10:36:12 +0000] "GET /api/v1/matches/bundesliga HTTP/1.1" 304 - "http://localhost:8080/" "Mozilla/5.0 (X11; Linux x86_64) AppleWebKit/537.36 (KHTML, like Gecko) Chrome/67.0.3396.79 Safari/537.36"
::1 - - [09/Sep/2018:10:36:12 +0000] "GET /api/v1/matches/ligue1 HTTP/1.1" 304 - "http://localhost:8080/" "Mozilla/5.0 (X11; Linux x86_64) AppleWebKit/537.36 (KHTML, like Gecko) Chrome/67.0.3396.79 Safari/537.36"
::1 - - [09/Sep/2018:10:36:12 +0000] "GET /api/v1/matches/leaguecup HTTP/1.1" 304 - "http://localhost:8080/" "Mozilla/5.0 (X11; Linux x86_64) AppleWebKit/537.36 (KHTML, like Gecko) Chrome/67.0.3396.79 Safari/537.36"
::1 - - [09/Sep/2018:10:36:15 +0000] "GET /api/v1/matches/premier-league HTTP/1.1" 304 - "http://localhost:8080/" "Mozilla/5.0 (X11; Linux x86_64) AppleWebKit/537.36 (KHTML, like Gecko) Chrome/67.0.3396.79 Safari/537.36"
::1 - - [09/Sep/2018:10:36:15 +0000] "GET /api/v1/matches/LaLiga HTTP/1.1" 304 - "http://localhost:8080/" "Mozilla/5.0 (X11; Linux x86_64) AppleWebKit/537.36 (KHTML, like Gecko) Chrome/67.0.3396.79 Safari/537.36"
::1 - - [09/Sep/2018:10:36:15 +0000] "GET /api/v1/matches/bundesliga HTTP/1.1" 304 - "http://localhost:8080/" "Mozilla/5.0 (X11; Linux x86_64) AppleWebKit/537.36 (KHTML, like Gecko) Chrome/67.0.3396.79 Safari/537.36"
::1 - - [09/Sep/2018:10:36:15 +0000] "GET /api/v1/matches/ligue1 HTTP/1.1" 304 - "http://localhost:8080/" "Mozilla/5.0 (X11; Linux x86_64) AppleWebKit/537.36 (KHTML, like Gecko) Chrome/67.0.3396.79 Safari/537.36"
::1 - - [09/Sep/2018:10:36:15 +0000] "GET /api/v1/matches/leaguecup HTTP/1.1" 304 - "http://localhost:8080/" "Mozilla/5.0 (X11; Linux x86_64) AppleWebKit/537.36 (KHTML, like Gecko) Chrome/67.0.3396.79 Safari/537.36"
::1 - - [09/Sep/2018:10:39:34 +0000] "GET /api/v1/matches/premier-league HTTP/1.1" 304 - "http://localhost:8080/" "Mozilla/5.0 (X11; Linux x86_64) AppleWebKit/537.36 (KHTML, like Gecko) Chrome/67.0.3396.79 Safari/537.36"
::1 - - [09/Sep/2018:10:39:34 +0000] "GET /api/v1/matches/LaLiga HTTP/1.1" 304 - "http://localhost:8080/" "Mozilla/5.0 (X11; Linux x86_64) AppleWebKit/537.36 (KHTML, like Gecko) Chrome/67.0.3396.79 Safari/537.36"
::1 - - [09/Sep/2018:10:39:34 +0000] "GET /api/v1/matches/bundesliga HTTP/1.1" 304 - "http://localhost:8080/" "Mozilla/5.0 (X11; Linux x86_64) AppleWebKit/537.36 (KHTML, like Gecko) Chrome/67.0.3396.79 Safari/537.36"
::1 - - [09/Sep/2018:10:39:34 +0000] "GET /api/v1/matches/ligue1 HTTP/1.1" 304 - "http://localhost:8080/" "Mozilla/5.0 (X11; Linux x86_64) AppleWebKit/537.36 (KHTML, like Gecko) Chrome/67.0.3396.79 Safari/537.36"
::1 - - [09/Sep/2018:10:39:34 +0000] "GET /api/v1/matches/leaguecup HTTP/1.1" 304 - "http://localhost:8080/" "Mozilla/5.0 (X11; Linux x86_64) AppleWebKit/537.36 (KHTML, like Gecko) Chrome/67.0.3396.79 Safari/537.36"
