::1 - - [24/Aug/2018:10:20:36 +0000] "OPTIONS /api/v1/auth/signin HTTP/1.1" 200 4 "-" "Mozilla/5.0 (X11; Linux x86_64) AppleWebKit/537.36 (KHTML, like Gecko) Ubuntu Chromium/65.0.3325.181 Chrome/65.0.3325.181 Safari/537.36"
::1 - - [24/Aug/2018:10:20:36 +0000] "POST /api/v1/auth/signin HTTP/1.1" 200 554 "http://localhost:1445/" "Mozilla/5.0 (X11; Linux x86_64) AppleWebKit/537.36 (KHTML, like Gecko) Ubuntu Chromium/65.0.3325.181 Chrome/65.0.3325.181 Safari/537.36"
::1 - - [24/Aug/2018:10:32:00 +0000] "OPTIONS /api/v1/auth/signin HTTP/1.1" 200 4 "-" "Mozilla/5.0 (X11; Linux x86_64) AppleWebKit/537.36 (KHTML, like Gecko) Ubuntu Chromium/65.0.3325.181 Chrome/65.0.3325.181 Safari/537.36"
::1 - - [24/Aug/2018:10:32:00 +0000] "POST /api/v1/auth/signin HTTP/1.1" 400 58 "-" "Mozilla/5.0 (X11; Linux x86_64) AppleWebKit/537.36 (KHTML, like Gecko) Ubuntu Chromium/65.0.3325.181 Chrome/65.0.3325.181 Safari/537.36"
::1 - - [24/Aug/2018:10:32:08 +0000] "OPTIONS /api/v1/auth/signin HTTP/1.1" 200 4 "-" "Mozilla/5.0 (X11; Linux x86_64) AppleWebKit/537.36 (KHTML, like Gecko) Ubuntu Chromium/65.0.3325.181 Chrome/65.0.3325.181 Safari/537.36"
::1 - - [24/Aug/2018:10:32:08 +0000] "POST /api/v1/auth/signin HTTP/1.1" 200 554 "-" "Mozilla/5.0 (X11; Linux x86_64) AppleWebKit/537.36 (KHTML, like Gecko) Ubuntu Chromium/65.0.3325.181 Chrome/65.0.3325.181 Safari/537.36"
::1 - - [24/Aug/2018:11:20:39 +0000] "GET /api/v1/scrape/startBetikaPremierLeague HTTP/1.1" 200 28776 "http://localhost:8080/" "Mozilla/5.0 (X11; Linux x86_64) AppleWebKit/537.36 (KHTML, like Gecko) Ubuntu Chromium/65.0.3325.181 Chrome/65.0.3325.181 Safari/537.36"
::1 - - [24/Aug/2018:11:21:53 +0000] "GET /api/v1/scrape/startBetikaPremierLeague HTTP/1.1" 200 28775 "http://localhost:8080/" "Mozilla/5.0 (X11; Linux x86_64) AppleWebKit/537.36 (KHTML, like Gecko) Ubuntu Chromium/65.0.3325.181 Chrome/65.0.3325.181 Safari/537.36"
::1 - - [27/Aug/2018:12:22:07 +0000] "GET /api/v1/scrape/startBetikaPremierLeague HTTP/1.1" 200 30361 "http://localhost:8080/" "Mozilla/5.0 (X11; Linux x86_64) AppleWebKit/537.36 (KHTML, like Gecko) Ubuntu Chromium/65.0.3325.181 Chrome/65.0.3325.181 Safari/537.36"
::1 - - [24/Aug/2018:18:38:34 +0000] "GET /api/v1/scrape/startBetikaPremierLeague HTTP/1.1" 500 562 "http://localhost:8080/" "Mozilla/5.0 (X11; Linux x86_64) AppleWebKit/537.36 (KHTML, like Gecko) Ubuntu Chromium/65.0.3325.181 Chrome/65.0.3325.181 Safari/537.36"
::1 - - [24/Aug/2018:18:40:14 +0000] "GET /api/v1/scrape/startBetikaPremierLeague HTTP/1.1" 500 562 "http://localhost:8080/" "Mozilla/5.0 (X11; Linux x86_64) AppleWebKit/537.36 (KHTML, like Gecko) Ubuntu Chromium/65.0.3325.181 Chrome/65.0.3325.181 Safari/537.36"
::1 - - [24/Aug/2018:18:54:48 +0000] "GET /api/v1/scrape/startBetikaPremierLeague HTTP/1.1" 200 30363 "http://localhost:8080/" "Mozilla/5.0 (X11; Linux x86_64) AppleWebKit/537.36 (KHTML, like Gecko) Ubuntu Chromium/65.0.3325.181 Chrome/65.0.3325.181 Safari/537.36"
::1 - - [24/Aug/2018:18:55:21 +0000] "GET /api/v1/scrape/startBetikaPremierLeague HTTP/1.1" 200 30362 "http://localhost:8080/" "Mozilla/5.0 (X11; Linux x86_64) AppleWebKit/537.36 (KHTML, like Gecko) Ubuntu Chromium/65.0.3325.181 Chrome/65.0.3325.181 Safari/537.36"
::1 - - [24/Aug/2018:18:55:33 +0000] "GET /api/v1/scrape/startBetikaPremierLeague HTTP/1.1" 304 - "http://localhost:8080/" "Mozilla/5.0 (X11; Linux x86_64) AppleWebKit/537.36 (KHTML, like Gecko) Ubuntu Chromium/65.0.3325.181 Chrome/65.0.3325.181 Safari/537.36"
::1 - - [24/Aug/2018:19:11:35 +0000] "GET /api/v1/scrape/startBetikaPremierLeague HTTP/1.1" 304 - "http://localhost:8080/" "Mozilla/5.0 (X11; Linux x86_64) AppleWebKit/537.36 (KHTML, like Gecko) Ubuntu Chromium/65.0.3325.181 Chrome/65.0.3325.181 Safari/537.36"
::1 - - [24/Aug/2018:19:11:47 +0000] "GET /api/v1/scrape/startBetikaPremierLeague HTTP/1.1" 304 - "http://localhost:8080/" "Mozilla/5.0 (X11; Linux x86_64) AppleWebKit/537.36 (KHTML, like Gecko) Ubuntu Chromium/65.0.3325.181 Chrome/65.0.3325.181 Safari/537.36"
::1 - - [25/Aug/2018:11:15:42 +0000] "OPTIONS /api/v1/auth/signin HTTP/1.1" 200 4 "-" "Mozilla/5.0 (X11; Linux x86_64) AppleWebKit/537.36 (KHTML, like Gecko) Ubuntu Chromium/65.0.3325.181 Chrome/65.0.3325.181 Safari/537.36"
::1 - - [25/Aug/2018:11:15:42 +0000] "POST /api/v1/auth/signin HTTP/1.1" 200 554 "http://localhost:8080/" "Mozilla/5.0 (X11; Linux x86_64) AppleWebKit/537.36 (KHTML, like Gecko) Ubuntu Chromium/65.0.3325.181 Chrome/65.0.3325.181 Safari/537.36"
::1 - - [25/Aug/2018:11:17:44 +0000] "GET /api/v1/scrape/startBetikaPremierLeague HTTP/1.1" 500 562 "http://localhost:8080/" "Mozilla/5.0 (X11; Linux x86_64) AppleWebKit/537.36 (KHTML, like Gecko) Ubuntu Chromium/65.0.3325.181 Chrome/65.0.3325.181 Safari/537.36"
::1 - - [25/Aug/2018:11:17:49 +0000] "GET /api/v1/scrape/startBetikaPremierLeague HTTP/1.1" 500 562 "http://localhost:8080/" "Mozilla/5.0 (X11; Linux x86_64) AppleWebKit/537.36 (KHTML, like Gecko) Ubuntu Chromium/65.0.3325.181 Chrome/65.0.3325.181 Safari/537.36"
::1 - - [25/Aug/2018:12:25:40 +0000] "GET /api/v1/scrape/startBetikaPremierLeague HTTP/1.1" 200 987 "http://localhost:8080/" "Mozilla/5.0 (X11; Linux x86_64) AppleWebKit/537.36 (KHTML, like Gecko) Ubuntu Chromium/65.0.3325.181 Chrome/65.0.3325.181 Safari/537.36"
::1 - - [25/Aug/2018:12:27:14 +0000] "GET /api/v1/scrape/startBetikaPremierLeague HTTP/1.1" 500 562 "http://localhost:8080/" "Mozilla/5.0 (X11; Linux x86_64) AppleWebKit/537.36 (KHTML, like Gecko) Ubuntu Chromium/65.0.3325.181 Chrome/65.0.3325.181 Safari/537.36"
::1 - - [25/Aug/2018:12:28:46 +0000] "GET /api/v1/scrape/startBetikaPremierLeague HTTP/1.1" 200 477 "http://localhost:8080/" "Mozilla/5.0 (X11; Linux x86_64) AppleWebKit/537.36 (KHTML, like Gecko) Ubuntu Chromium/65.0.3325.181 Chrome/65.0.3325.181 Safari/537.36"
::1 - - [25/Aug/2018:12:31:22 +0000] "GET /api/v1/scrape/startBetikaPremierLeague HTTP/1.1" 200 29263 "http://localhost:8080/" "Mozilla/5.0 (X11; Linux x86_64) AppleWebKit/537.36 (KHTML, like Gecko) Ubuntu Chromium/65.0.3325.181 Chrome/65.0.3325.181 Safari/537.36"
